{"/home/travis/build/npmtest/node-npmtest-nodeunit/test.js":{"path":"/home/travis/build/npmtest/node-npmtest-nodeunit/test.js","s":{"1":2,"2":2,"3":2,"4":2,"5":2,"6":2,"7":2,"8":1,"9":2,"10":2,"11":1,"12":1,"13":1,"14":1,"15":2,"16":2,"17":2,"18":2,"19":1,"20":1,"21":2,"22":2,"23":2,"24":1,"25":1,"26":1,"27":1,"28":1,"29":1,"30":1,"31":1,"32":1,"33":1,"34":1,"35":1,"36":1,"37":1,"38":1,"39":2,"40":2,"41":1,"42":2,"43":2,"44":1,"45":2,"46":2,"47":1,"48":2,"49":2,"50":1,"51":1,"52":1,"53":1,"54":1},"b":{"1":[2,1,1,1],"2":[1,1,1,1],"3":[1,1],"4":[1,1],"5":[1,1],"6":[1,1],"7":[1,1],"8":[1,1],"9":[1,1],"10":[1,1,1],"11":[1,1],"12":[1,1],"13":[1,1],"14":[1,1],"15":[1,1],"16":[1,1],"17":[1,1]},"f":{"1":2,"2":2,"3":2,"4":2,"5":2,"6":1,"7":1,"8":1,"9":2,"10":2,"11":2,"12":2,"13":1},"fnMap":{"1":{"name":"(anonymous_1)","line":12,"loc":{"start":{"line":12,"column":1},"end":{"line":12,"column":13}}},"2":{"name":"(anonymous_2)","line":19,"loc":{"start":{"line":19,"column":5},"end":{"line":19,"column":17}}},"3":{"name":"(anonymous_3)","line":23,"loc":{"start":{"line":23,"column":24},"end":{"line":23,"column":36}}},"4":{"name":"(anonymous_4)","line":61,"loc":{"start":{"line":61,"column":5},"end":{"line":61,"column":17}}},"5":{"name":"(anonymous_5)","line":82,"loc":{"start":{"line":82,"column":5},"end":{"line":82,"column":17}}},"6":{"name":"(anonymous_6)","line":91,"loc":{"start":{"line":91,"column":77},"end":{"line":94,"column":10}}},"7":{"name":"(anonymous_7)","line":112,"loc":{"start":{"line":112,"column":83},"end":{"line":115,"column":10}},"skip":true},"8":{"name":"(anonymous_8)","line":123,"loc":{"start":{"line":123,"column":77},"end":{"line":126,"column":10}},"skip":true},"9":{"name":"(anonymous_9)","line":139,"loc":{"start":{"line":139,"column":12},"end":{"line":139,"column":40}},"skip":true},"10":{"name":"(anonymous_10)","line":147,"loc":{"start":{"line":147,"column":77},"end":{"line":150,"column":10}},"skip":true},"11":{"name":"(anonymous_11)","line":158,"loc":{"start":{"line":158,"column":83},"end":{"line":161,"column":10}},"skip":true},"12":{"name":"(anonymous_12)","line":169,"loc":{"start":{"line":169,"column":79},"end":{"line":172,"column":10}},"skip":true},"13":{"name":"(anonymous_13)","line":180,"loc":{"start":{"line":180,"column":75},"end":{"line":183,"column":10}},"skip":true}},"statementMap":{"1":{"start":{"line":12,"column":0},"end":{"line":195,"column":5}},"2":{"start":{"line":14,"column":4},"end":{"line":14,"column":14}},"3":{"start":{"line":19,"column":4},"end":{"line":56,"column":9}},"4":{"start":{"line":21,"column":8},"end":{"line":21,"column":19}},"5":{"start":{"line":23,"column":8},"end":{"line":35,"column":13}},"6":{"start":{"line":24,"column":12},"end":{"line":34,"column":13}},"7":{"start":{"line":25,"column":16},"end":{"line":28,"column":30}},"8":{"start":{"line":30,"column":16},"end":{"line":33,"column":27}},"9":{"start":{"line":37,"column":8},"end":{"line":39,"column":21}},"10":{"start":{"line":40,"column":8},"end":{"line":53,"column":9}},"11":{"start":{"line":43,"column":12},"end":{"line":46,"column":14}},"12":{"start":{"line":47,"column":12},"end":{"line":47,"column":18}},"13":{"start":{"line":50,"column":12},"end":{"line":51,"column":33}},"14":{"start":{"line":52,"column":12},"end":{"line":52,"column":18}},"15":{"start":{"line":55,"column":8},"end":{"line":55,"column":35}},"16":{"start":{"line":61,"column":4},"end":{"line":63,"column":9}},"17":{"start":{"line":62,"column":8},"end":{"line":62,"column":15}},"18":{"start":{"line":64,"column":4},"end":{"line":77,"column":5}},"19":{"start":{"line":70,"column":8},"end":{"line":70,"column":14}},"20":{"start":{"line":76,"column":8},"end":{"line":76,"column":14}},"21":{"start":{"line":82,"column":4},"end":{"line":84,"column":9}},"22":{"start":{"line":83,"column":8},"end":{"line":83,"column":15}},"23":{"start":{"line":85,"column":4},"end":{"line":194,"column":5}},"24":{"start":{"line":91,"column":8},"end":{"line":99,"column":10}},"25":{"start":{"line":98,"column":12},"end":{"line":98,"column":35}},"26":{"start":{"line":102,"column":8},"end":{"line":104,"column":63}},"27":{"start":{"line":105,"column":8},"end":{"line":105,"column":14}},"28":{"start":{"line":112,"column":8},"end":{"line":121,"column":10},"skip":true},"29":{"start":{"line":119,"column":12},"end":{"line":119,"column":55},"skip":true},"30":{"start":{"line":120,"column":12},"end":{"line":120,"column":48},"skip":true},"31":{"start":{"line":123,"column":8},"end":{"line":136,"column":10},"skip":true},"32":{"start":{"line":130,"column":12},"end":{"line":130,"column":76},"skip":true},"33":{"start":{"line":131,"column":12},"end":{"line":131,"column":73},"skip":true},"34":{"start":{"line":132,"column":12},"end":{"line":132,"column":74},"skip":true},"35":{"start":{"line":133,"column":12},"end":{"line":133,"column":79},"skip":true},"36":{"start":{"line":134,"column":12},"end":{"line":134,"column":25},"skip":true},"37":{"start":{"line":135,"column":12},"end":{"line":135,"column":45},"skip":true},"38":{"start":{"line":138,"column":8},"end":{"line":145,"column":14},"skip":true},"39":{"start":{"line":143,"column":16},"end":{"line":143,"column":29},"skip":true},"40":{"start":{"line":144,"column":16},"end":{"line":144,"column":55},"skip":true},"41":{"start":{"line":147,"column":8},"end":{"line":156,"column":10},"skip":true},"42":{"start":{"line":154,"column":12},"end":{"line":154,"column":25},"skip":true},"43":{"start":{"line":155,"column":12},"end":{"line":155,"column":45},"skip":true},"44":{"start":{"line":158,"column":8},"end":{"line":167,"column":10},"skip":true},"45":{"start":{"line":165,"column":12},"end":{"line":165,"column":25},"skip":true},"46":{"start":{"line":166,"column":12},"end":{"line":166,"column":48},"skip":true},"47":{"start":{"line":169,"column":8},"end":{"line":178,"column":10},"skip":true},"48":{"start":{"line":176,"column":12},"end":{"line":176,"column":25},"skip":true},"49":{"start":{"line":177,"column":12},"end":{"line":177,"column":46},"skip":true},"50":{"start":{"line":180,"column":8},"end":{"line":189,"column":10},"skip":true},"51":{"start":{"line":187,"column":12},"end":{"line":187,"column":94},"skip":true},"52":{"start":{"line":188,"column":12},"end":{"line":188,"column":48},"skip":true},"53":{"start":{"line":192,"column":8},"end":{"line":192,"column":35},"skip":true},"54":{"start":{"line":193,"column":8},"end":{"line":193,"column":14},"skip":true}},"branchMap":{"1":{"line":25,"type":"binary-expr","locations":[{"start":{"line":25,"column":23},"end":{"line":25,"column":62}},{"start":{"line":26,"column":20},"end":{"line":26,"column":70}},{"start":{"line":27,"column":20},"end":{"line":27,"column":71}},{"start":{"line":28,"column":20},"end":{"line":28,"column":29}}]},"2":{"line":30,"type":"binary-expr","locations":[{"start":{"line":30,"column":23},"end":{"line":30,"column":37}},{"start":{"line":31,"column":20},"end":{"line":31,"column":61}},{"start":{"line":32,"column":20},"end":{"line":32,"column":70}},{"start":{"line":33,"column":20},"end":{"line":33,"column":26}}]},"3":{"line":37,"type":"cond-expr","locations":[{"start":{"line":38,"column":14},"end":{"line":38,"column":20}},{"start":{"line":39,"column":14},"end":{"line":39,"column":20}}]},"4":{"line":40,"type":"switch","locations":[{"start":{"line":42,"column":8},"end":{"line":47,"column":18}},{"start":{"line":49,"column":8},"end":{"line":52,"column":18}}]},"5":{"line":44,"type":"binary-expr","locations":[{"start":{"line":44,"column":16},"end":{"line":44,"column":44}},{"start":{"line":44,"column":48},"end":{"line":44,"column":66}}]},"6":{"line":50,"type":"binary-expr","locations":[{"start":{"line":50,"column":21},"end":{"line":50,"column":49}},{"start":{"line":50,"column":53},"end":{"line":50,"column":72}}]},"7":{"line":64,"type":"switch","locations":[{"start":{"line":69,"column":4},"end":{"line":70,"column":14}},{"start":{"line":75,"column":4},"end":{"line":76,"column":14}}]},"8":{"line":85,"type":"switch","locations":[{"start":{"line":90,"column":4},"end":{"line":105,"column":14}},{"start":{"line":111,"column":4},"end":{"line":193,"column":14},"skip":true}]},"9":{"line":91,"type":"binary-expr","locations":[{"start":{"line":91,"column":42},"end":{"line":91,"column":73}},{"start":{"line":91,"column":77},"end":{"line":99,"column":9}}]},"10":{"line":102,"type":"binary-expr","locations":[{"start":{"line":102,"column":18},"end":{"line":102,"column":32}},{"start":{"line":103,"column":12},"end":{"line":103,"column":53}},{"start":{"line":104,"column":12},"end":{"line":104,"column":61}}]},"11":{"line":112,"type":"binary-expr","locations":[{"start":{"line":112,"column":45},"end":{"line":112,"column":79},"skip":true},{"start":{"line":112,"column":83},"end":{"line":121,"column":9},"skip":true}]},"12":{"line":123,"type":"binary-expr","locations":[{"start":{"line":123,"column":42},"end":{"line":123,"column":73},"skip":true},{"start":{"line":123,"column":77},"end":{"line":136,"column":9},"skip":true}]},"13":{"line":138,"type":"binary-expr","locations":[{"start":{"line":138,"column":48},"end":{"line":138,"column":85},"skip":true},{"start":{"line":139,"column":12},"end":{"line":145,"column":13},"skip":true}]},"14":{"line":147,"type":"binary-expr","locations":[{"start":{"line":147,"column":42},"end":{"line":147,"column":73},"skip":true},{"start":{"line":147,"column":77},"end":{"line":156,"column":9},"skip":true}]},"15":{"line":158,"type":"binary-expr","locations":[{"start":{"line":158,"column":45},"end":{"line":158,"column":79},"skip":true},{"start":{"line":158,"column":83},"end":{"line":167,"column":9},"skip":true}]},"16":{"line":169,"type":"binary-expr","locations":[{"start":{"line":169,"column":43},"end":{"line":169,"column":75},"skip":true},{"start":{"line":169,"column":79},"end":{"line":178,"column":9},"skip":true}]},"17":{"line":180,"type":"binary-expr","locations":[{"start":{"line":180,"column":41},"end":{"line":180,"column":71},"skip":true},{"start":{"line":180,"column":75},"end":{"line":189,"column":9},"skip":true}]}},"code":["/* istanbul instrument in package npmtest_nodeunit */","/*jslint","    bitwise: true,","    browser: true,","    maxerr: 8,","    maxlen: 96,","    node: true,","    nomen: true,","    regexp: true,","    stupid: true","*/","(function () {","    'use strict';","    var local;","","","","    // run shared js-env code - init-before","    (function () {","        // init local","        local = {};","        // init modeJs","        local.modeJs = (function () {","            try {","                return typeof navigator.userAgent === 'string' &&","                    typeof document.querySelector('body') === 'object' &&","                    typeof XMLHttpRequest.prototype.open === 'function' &&","                    'browser';","            } catch (errorCaughtBrowser) {","                return module.exports &&","                    typeof process.versions.node === 'string' &&","                    typeof require('http').createServer === 'function' &&","                    'node';","            }","        }());","        // init global","        local.global = local.modeJs === 'browser'","            ? window","            : global;","        switch (local.modeJs) {","        // re-init local from window.local","        case 'browser':","            local = local.global.utility2.objectSetDefault(","                local.global.utility2_rollup || local.global.local,","                local.global.utility2","            );","            break;","        // re-init local from example.js","        case 'node':","            local = (local.global.utility2_rollup || require('utility2'))","                .requireReadme();","            break;","        }","        // export local","        local.global.local = local;","    }());","","","","    // run shared js-env code - function","    (function () {","        return;","    }());","    switch (local.modeJs) {","","","","    // run browser js-env code - function","    case 'browser':","        break;","","","","    // run node js-env code - function","    case 'node':","        break;","    }","","","","    // run shared js-env code - init-after","    (function () {","        return;","    }());","    switch (local.modeJs) {","","","","    // run browser js-env code - init-after","    case 'browser':","        local.testCase_browser_nullCase = local.testCase_browser_nullCase || function (","            options,","            onError","        ) {","        /*","         * this function will test browsers's null-case handling-behavior-behavior","         */","            onError(null, options);","        };","","        // run tests","        local.nop(local.modeTest &&","            document.querySelector('#testRunButton1') &&","            document.querySelector('#testRunButton1').click());","        break;","","","","    // run node js-env code - init-after","    /* istanbul ignore next */","    case 'node':","        local.testCase_buildApidoc_default = local.testCase_buildApidoc_default || function (","            options,","            onError","        ) {","        /*","         * this function will test buildApidoc's default handling-behavior-behavior","         */","            options = { modulePathList: module.paths };","            local.buildApidoc(options, onError);","        };","","        local.testCase_buildApp_default = local.testCase_buildApp_default || function (","            options,","            onError","        ) {","        /*","         * this function will test buildApp's default handling-behavior-behavior","         */","            local.testCase_buildReadme_default(options, local.onErrorThrow);","            local.testCase_buildLib_default(options, local.onErrorThrow);","            local.testCase_buildTest_default(options, local.onErrorThrow);","            local.testCase_buildCustomOrg_default(options, local.onErrorThrow);","            options = [];","            local.buildApp(options, onError);","        };","","        local.testCase_buildCustomOrg_default = local.testCase_buildCustomOrg_default ||","            function (options, onError) {","            /*","             * this function will test buildCustomOrg's default handling-behavior","             */","                options = {};","                local.buildCustomOrg(options, onError);","            };","","        local.testCase_buildLib_default = local.testCase_buildLib_default || function (","            options,","            onError","        ) {","        /*","         * this function will test buildLib's default handling-behavior","         */","            options = {};","            local.buildLib(options, onError);","        };","","        local.testCase_buildReadme_default = local.testCase_buildReadme_default || function (","            options,","            onError","        ) {","        /*","         * this function will test buildReadme's default handling-behavior-behavior","         */","            options = {};","            local.buildReadme(options, onError);","        };","","        local.testCase_buildTest_default = local.testCase_buildTest_default || function (","            options,","            onError","        ) {","        /*","         * this function will test buildTest's default handling-behavior","         */","            options = {};","            local.buildTest(options, onError);","        };","","        local.testCase_webpage_default = local.testCase_webpage_default || function (","            options,","            onError","        ) {","        /*","         * this function will test webpage's default handling-behavior","         */","            options = { modeCoverageMerge: true, url: local.serverLocalHost + '?modeTest=1' };","            local.browserTest(options, onError);","        };","","        // run test-server","        local.testRunServer(local);","        break;","    }","}());",""],"l":{"12":2,"14":2,"19":2,"21":2,"23":2,"24":2,"25":2,"30":1,"37":2,"40":2,"43":1,"47":1,"50":1,"52":1,"55":2,"61":2,"62":2,"64":2,"70":1,"76":1,"82":2,"83":2,"85":2,"91":1,"98":1,"102":1,"105":1,"112":1,"119":1,"120":1,"123":1,"130":1,"131":1,"132":1,"133":1,"134":1,"135":1,"138":1,"143":2,"144":2,"147":1,"154":2,"155":2,"158":1,"165":2,"166":2,"169":1,"176":2,"177":2,"180":1,"187":1,"188":1,"192":1,"193":1}},"/home/travis/build/npmtest/node-npmtest-nodeunit/lib.npmtest_nodeunit.js":{"path":"/home/travis/build/npmtest/node-npmtest-nodeunit/lib.npmtest_nodeunit.js","s":{"1":2,"2":2,"3":2,"4":2,"5":2,"6":2,"7":2,"8":1,"9":2,"10":2,"11":2,"12":2,"13":1,"14":1,"15":1,"16":1},"b":{"1":[2,1,1,1],"2":[1,1,1,1],"3":[1,1],"4":[2,2],"5":[1,1]},"f":{"1":2,"2":2,"3":2},"fnMap":{"1":{"name":"(anonymous_1)","line":12,"loc":{"start":{"line":12,"column":1},"end":{"line":12,"column":13}}},"2":{"name":"(anonymous_2)","line":19,"loc":{"start":{"line":19,"column":5},"end":{"line":19,"column":17}}},"3":{"name":"(anonymous_3)","line":23,"loc":{"start":{"line":23,"column":24},"end":{"line":23,"column":36}}}},"statementMap":{"1":{"start":{"line":12,"column":0},"end":{"line":53,"column":5}},"2":{"start":{"line":14,"column":4},"end":{"line":14,"column":14}},"3":{"start":{"line":19,"column":4},"end":{"line":52,"column":9}},"4":{"start":{"line":21,"column":8},"end":{"line":21,"column":19}},"5":{"start":{"line":23,"column":8},"end":{"line":35,"column":13}},"6":{"start":{"line":24,"column":12},"end":{"line":34,"column":13}},"7":{"start":{"line":25,"column":16},"end":{"line":28,"column":30}},"8":{"start":{"line":30,"column":16},"end":{"line":33,"column":27}},"9":{"start":{"line":37,"column":8},"end":{"line":39,"column":21}},"10":{"start":{"line":41,"column":8},"end":{"line":41,"column":54}},"11":{"start":{"line":43,"column":8},"end":{"line":43,"column":53}},"12":{"start":{"line":45,"column":8},"end":{"line":51,"column":9}},"13":{"start":{"line":46,"column":12},"end":{"line":46,"column":59}},"14":{"start":{"line":48,"column":12},"end":{"line":48,"column":35}},"15":{"start":{"line":49,"column":12},"end":{"line":49,"column":49}},"16":{"start":{"line":50,"column":12},"end":{"line":50,"column":43}}},"branchMap":{"1":{"line":25,"type":"binary-expr","locations":[{"start":{"line":25,"column":23},"end":{"line":25,"column":62}},{"start":{"line":26,"column":20},"end":{"line":26,"column":70}},{"start":{"line":27,"column":20},"end":{"line":27,"column":71}},{"start":{"line":28,"column":20},"end":{"line":28,"column":29}}]},"2":{"line":30,"type":"binary-expr","locations":[{"start":{"line":30,"column":23},"end":{"line":30,"column":37}},{"start":{"line":31,"column":20},"end":{"line":31,"column":61}},{"start":{"line":32,"column":20},"end":{"line":32,"column":70}},{"start":{"line":33,"column":20},"end":{"line":33,"column":26}}]},"3":{"line":37,"type":"cond-expr","locations":[{"start":{"line":38,"column":14},"end":{"line":38,"column":20}},{"start":{"line":39,"column":14},"end":{"line":39,"column":20}}]},"4":{"line":41,"type":"binary-expr","locations":[{"start":{"line":41,"column":16},"end":{"line":41,"column":44}},{"start":{"line":41,"column":48},"end":{"line":41,"column":53}}]},"5":{"line":45,"type":"if","locations":[{"start":{"line":45,"column":8},"end":{"line":45,"column":8}},{"start":{"line":45,"column":8},"end":{"line":45,"column":8}}]}},"code":["/* istanbul instrument in package npmtest_nodeunit */","/*jslint","    bitwise: true,","    browser: true,","    maxerr: 8,","    maxlen: 96,","    node: true,","    nomen: true,","    regexp: true,","    stupid: true","*/","(function () {","    'use strict';","    var local;","","","","    // run shared js-env code - init-before","    (function () {","        // init local","        local = {};","        // init modeJs","        local.modeJs = (function () {","            try {","                return typeof navigator.userAgent === 'string' &&","                    typeof document.querySelector('body') === 'object' &&","                    typeof XMLHttpRequest.prototype.open === 'function' &&","                    'browser';","            } catch (errorCaughtBrowser) {","                return module.exports &&","                    typeof process.versions.node === 'string' &&","                    typeof require('http').createServer === 'function' &&","                    'node';","            }","        }());","        // init global","        local.global = local.modeJs === 'browser'","            ? window","            : global;","        // init utility2_rollup","        local = local.global.utility2_rollup || local;","        // init lib","        local.local = local.npmtest_nodeunit = local;","        // init exports","        if (local.modeJs === 'browser') {","            local.global.utility2_npmtest_nodeunit = local;","        } else {","            module.exports = local;","            module.exports.__dirname = __dirname;","            module.exports.module = module;","        }","    }());","}());",""],"l":{"12":2,"14":2,"19":2,"21":2,"23":2,"24":2,"25":2,"30":1,"37":2,"41":2,"43":2,"45":2,"46":1,"48":1,"49":1,"50":1}},"/home/travis/build/npmtest/node-npmtest-nodeunit/example.js":{"path":"/home/travis/build/npmtest/node-npmtest-nodeunit/example.js","s":{"1":2,"2":2,"3":2,"4":2,"5":2,"6":2,"7":2,"8":1,"9":2,"10":2,"11":2,"12":2,"13":1,"14":2,"15":2,"16":2,"17":2,"18":2,"19":0,"20":2,"21":1,"22":1,"23":1,"24":1,"25":1,"26":0,"27":0,"28":1,"29":1,"30":2,"31":0,"32":0,"33":0,"34":1,"35":2,"36":2,"37":3,"38":3,"39":3,"40":3,"41":0,"42":3,"43":3,"44":3,"45":1,"46":3,"47":1,"48":1,"49":1,"50":1,"51":1,"52":1,"53":1,"54":1,"55":1,"56":1,"57":0,"58":1,"59":6,"60":6,"61":1,"62":2,"63":0,"64":2,"65":1,"66":1,"67":0,"68":0,"69":0,"70":0,"71":0,"72":0,"73":0,"74":0,"75":0,"76":0,"77":0,"78":0,"79":0,"80":0,"81":0,"82":0,"83":0},"b":{"1":[2,1,1,1],"2":[1,1,1,1],"3":[1,1],"4":[2,2],"5":[1,1],"6":[1,1],"7":[2,0],"8":[2,1,1,1,1,1],"9":[0,2,0],"10":[1,1],"11":[2,1,1],"12":[1,0],"13":[0,2],"14":[2,0,0,0,0,0,0],"15":[0,3],"16":[3,0],"17":[1,1],"18":[0,1],"19":[1,2,0,2],"20":[1,0],"21":[1,1],"22":[0,0],"23":[0,0],"24":[0,0],"25":[0,0],"26":[0,0],"27":[0,0],"28":[0,0]},"f":{"1":2,"2":2,"3":2,"4":2,"5":2,"6":2,"7":3,"8":3,"9":3,"10":1,"11":6,"12":0},"fnMap":{"1":{"name":"(anonymous_1)","line":26,"loc":{"start":{"line":26,"column":1},"end":{"line":26,"column":13}}},"2":{"name":"(anonymous_2)","line":33,"loc":{"start":{"line":33,"column":5},"end":{"line":33,"column":17}}},"3":{"name":"(anonymous_3)","line":37,"loc":{"start":{"line":37,"column":24},"end":{"line":37,"column":36}}},"4":{"name":"(anonymous_4)","line":69,"loc":{"start":{"line":69,"column":31},"end":{"line":69,"column":48}},"skip":true},"5":{"name":"(anonymous_5)","line":78,"loc":{"start":{"line":78,"column":26},"end":{"line":78,"column":45}},"skip":true},"6":{"name":"(anonymous_6)","line":123,"loc":{"start":{"line":123,"column":33},"end":{"line":123,"column":48}},"skip":true},"7":{"name":"(anonymous_7)","line":125,"loc":{"start":{"line":125,"column":27},"end":{"line":125,"column":39}},"skip":true},"8":{"name":"(anonymous_8)","line":133,"loc":{"start":{"line":133,"column":59},"end":{"line":133,"column":74}},"skip":true},"9":{"name":"(anonymous_9)","line":143,"loc":{"start":{"line":143,"column":45},"end":{"line":143,"column":62}},"skip":true},"10":{"name":"(anonymous_10)","line":144,"loc":{"start":{"line":144,"column":73},"end":{"line":144,"column":92}},"skip":true},"11":{"name":"(anonymous_11)","line":272,"loc":{"start":{"line":272,"column":51},"end":{"line":272,"column":77}},"skip":true},"12":{"name":"(anonymous_12)","line":315,"loc":{"start":{"line":315,"column":32},"end":{"line":315,"column":61}},"skip":true}},"statementMap":{"1":{"start":{"line":26,"column":0},"end":{"line":326,"column":5}},"2":{"start":{"line":28,"column":4},"end":{"line":28,"column":14}},"3":{"start":{"line":33,"column":4},"end":{"line":60,"column":9}},"4":{"start":{"line":35,"column":8},"end":{"line":35,"column":19}},"5":{"start":{"line":37,"column":8},"end":{"line":49,"column":13}},"6":{"start":{"line":38,"column":12},"end":{"line":48,"column":13}},"7":{"start":{"line":39,"column":16},"end":{"line":42,"column":30}},"8":{"start":{"line":44,"column":16},"end":{"line":47,"column":27}},"9":{"start":{"line":51,"column":8},"end":{"line":53,"column":21}},"10":{"start":{"line":55,"column":8},"end":{"line":57,"column":45}},"11":{"start":{"line":59,"column":8},"end":{"line":59,"column":35}},"12":{"start":{"line":61,"column":4},"end":{"line":325,"column":5}},"13":{"start":{"line":69,"column":8},"end":{"line":121,"column":10},"skip":true},"14":{"start":{"line":70,"column":12},"end":{"line":88,"column":13},"skip":true},"15":{"start":{"line":76,"column":16},"end":{"line":87,"column":19},"skip":true},"16":{"start":{"line":79,"column":20},"end":{"line":86,"column":21},"skip":true},"17":{"start":{"line":82,"column":24},"end":{"line":82,"column":43},"skip":true},"18":{"start":{"line":83,"column":24},"end":{"line":83,"column":30},"skip":true},"19":{"start":{"line":85,"column":24},"end":{"line":85,"column":49},"skip":true},"20":{"start":{"line":89,"column":12},"end":{"line":107,"column":13},"skip":true},"21":{"start":{"line":92,"column":16},"end":{"line":102,"column":17},"skip":true},"22":{"start":{"line":93,"column":20},"end":{"line":93,"column":86},"skip":true},"23":{"start":{"line":94,"column":20},"end":{"line":95,"column":45},"skip":true},"24":{"start":{"line":96,"column":20},"end":{"line":96,"column":42},"skip":true},"25":{"start":{"line":97,"column":20},"end":{"line":97,"column":48},"skip":true},"26":{"start":{"line":100,"column":20},"end":{"line":100,"column":85},"skip":true},"27":{"start":{"line":101,"column":20},"end":{"line":101,"column":96},"skip":true},"28":{"start":{"line":103,"column":16},"end":{"line":103,"column":22},"skip":true},"29":{"start":{"line":106,"column":16},"end":{"line":106,"column":22},"skip":true},"30":{"start":{"line":108,"column":12},"end":{"line":120,"column":13},"skip":true},"31":{"start":{"line":114,"column":16},"end":{"line":119,"column":17},"skip":true},"32":{"start":{"line":116,"column":20},"end":{"line":116,"column":78},"skip":true},"33":{"start":{"line":118,"column":20},"end":{"line":118,"column":47},"skip":true},"34":{"start":{"line":123,"column":8},"end":{"line":141,"column":11},"skip":true},"35":{"start":{"line":124,"column":12},"end":{"line":124,"column":54},"skip":true},"36":{"start":{"line":125,"column":12},"end":{"line":140,"column":14},"skip":true},"37":{"start":{"line":126,"column":16},"end":{"line":126,"column":28},"skip":true},"38":{"start":{"line":127,"column":16},"end":{"line":127,"column":69},"skip":true},"39":{"start":{"line":128,"column":16},"end":{"line":128,"column":75},"skip":true},"40":{"start":{"line":129,"column":16},"end":{"line":131,"column":17},"skip":true},"41":{"start":{"line":130,"column":20},"end":{"line":130,"column":27},"skip":true},"42":{"start":{"line":133,"column":16},"end":{"line":137,"column":36},"skip":true},"43":{"start":{"line":134,"column":20},"end":{"line":136,"column":55},"skip":true},"44":{"start":{"line":139,"column":16},"end":{"line":139,"column":57},"skip":true},"45":{"start":{"line":143,"column":8},"end":{"line":147,"column":11},"skip":true},"46":{"start":{"line":144,"column":12},"end":{"line":146,"column":15},"skip":true},"47":{"start":{"line":145,"column":16},"end":{"line":145,"column":70},"skip":true},"48":{"start":{"line":149,"column":8},"end":{"line":149,"column":31},"skip":true},"49":{"start":{"line":150,"column":8},"end":{"line":150,"column":14},"skip":true},"50":{"start":{"line":158,"column":8},"end":{"line":158,"column":31},"skip":true},"51":{"start":{"line":160,"column":8},"end":{"line":160,"column":33},"skip":true},"52":{"start":{"line":161,"column":8},"end":{"line":161,"column":37},"skip":true},"53":{"start":{"line":162,"column":8},"end":{"line":162,"column":35},"skip":true},"54":{"start":{"line":164,"column":8},"end":{"line":164,"column":50},"skip":true},"55":{"start":{"line":166,"column":8},"end":{"line":256,"column":2},"skip":true},"56":{"start":{"line":258,"column":8},"end":{"line":286,"column":9},"skip":true},"57":{"start":{"line":259,"column":12},"end":{"line":269,"column":14},"skip":true},"58":{"start":{"line":271,"column":12},"end":{"line":285,"column":19},"skip":true},"59":{"start":{"line":274,"column":20},"end":{"line":274,"column":35},"skip":true},"60":{"start":{"line":275,"column":20},"end":{"line":284,"column":21},"skip":true},"61":{"start":{"line":277,"column":24},"end":{"line":277,"column":64},"skip":true},"62":{"start":{"line":279,"column":24},"end":{"line":279,"column":40},"skip":true},"63":{"start":{"line":281,"column":24},"end":{"line":281,"column":40},"skip":true},"64":{"start":{"line":283,"column":24},"end":{"line":283,"column":39},"skip":true},"65":{"start":{"line":288,"column":8},"end":{"line":290,"column":9},"skip":true},"66":{"start":{"line":289,"column":12},"end":{"line":289,"column":18},"skip":true},"67":{"start":{"line":291,"column":8},"end":{"line":293,"column":54},"skip":true},"68":{"start":{"line":296,"column":8},"end":{"line":301,"column":37},"skip":true},"69":{"start":{"line":303,"column":8},"end":{"line":303,"column":82},"skip":true},"70":{"start":{"line":306,"column":8},"end":{"line":308,"column":9},"skip":true},"71":{"start":{"line":307,"column":12},"end":{"line":307,"column":82},"skip":true},"72":{"start":{"line":310,"column":8},"end":{"line":312,"column":9},"skip":true},"73":{"start":{"line":311,"column":12},"end":{"line":311,"column":18},"skip":true},"74":{"start":{"line":313,"column":8},"end":{"line":313,"column":54},"skip":true},"75":{"start":{"line":314,"column":8},"end":{"line":314,"column":69},"skip":true},"76":{"start":{"line":315,"column":8},"end":{"line":323,"column":36},"skip":true},"77":{"start":{"line":316,"column":12},"end":{"line":316,"column":61},"skip":true},"78":{"start":{"line":317,"column":12},"end":{"line":320,"column":13},"skip":true},"79":{"start":{"line":318,"column":16},"end":{"line":318,"column":75},"skip":true},"80":{"start":{"line":319,"column":16},"end":{"line":319,"column":23},"skip":true},"81":{"start":{"line":321,"column":12},"end":{"line":321,"column":38},"skip":true},"82":{"start":{"line":322,"column":12},"end":{"line":322,"column":27},"skip":true},"83":{"start":{"line":324,"column":8},"end":{"line":324,"column":14},"skip":true}},"branchMap":{"1":{"line":39,"type":"binary-expr","locations":[{"start":{"line":39,"column":23},"end":{"line":39,"column":62}},{"start":{"line":40,"column":20},"end":{"line":40,"column":70}},{"start":{"line":41,"column":20},"end":{"line":41,"column":71}},{"start":{"line":42,"column":20},"end":{"line":42,"column":29}}]},"2":{"line":44,"type":"binary-expr","locations":[{"start":{"line":44,"column":23},"end":{"line":44,"column":37}},{"start":{"line":45,"column":20},"end":{"line":45,"column":61}},{"start":{"line":46,"column":20},"end":{"line":46,"column":70}},{"start":{"line":47,"column":20},"end":{"line":47,"column":26}}]},"3":{"line":51,"type":"cond-expr","locations":[{"start":{"line":52,"column":14},"end":{"line":52,"column":20}},{"start":{"line":53,"column":14},"end":{"line":53,"column":20}}]},"4":{"line":55,"type":"binary-expr","locations":[{"start":{"line":55,"column":16},"end":{"line":55,"column":44}},{"start":{"line":55,"column":49},"end":{"line":57,"column":43}}]},"5":{"line":55,"type":"cond-expr","locations":[{"start":{"line":56,"column":14},"end":{"line":56,"column":52}},{"start":{"line":57,"column":14},"end":{"line":57,"column":43}}]},"6":{"line":61,"type":"switch","locations":[{"start":{"line":68,"column":4},"end":{"line":150,"column":14},"skip":true},{"start":{"line":156,"column":4},"end":{"line":324,"column":14},"skip":true}]},"7":{"line":70,"type":"if","locations":[{"start":{"line":70,"column":12},"end":{"line":70,"column":12},"skip":true},{"start":{"line":70,"column":12},"end":{"line":70,"column":12},"skip":true}]},"8":{"line":70,"type":"binary-expr","locations":[{"start":{"line":70,"column":16},"end":{"line":70,"column":22},"skip":true},{"start":{"line":70,"column":27},"end":{"line":70,"column":32},"skip":true},{"start":{"line":71,"column":20},"end":{"line":71,"column":39},"skip":true},{"start":{"line":72,"column":20},"end":{"line":72,"column":49},"skip":true},{"start":{"line":73,"column":20},"end":{"line":73,"column":58},"skip":true},{"start":{"line":74,"column":20},"end":{"line":74,"column":69},"skip":true}]},"9":{"line":79,"type":"switch","locations":[{"start":{"line":80,"column":20},"end":{"line":80,"column":33},"skip":true},{"start":{"line":81,"column":20},"end":{"line":83,"column":30},"skip":true},{"start":{"line":84,"column":20},"end":{"line":85,"column":49},"skip":true}]},"10":{"line":89,"type":"switch","locations":[{"start":{"line":90,"column":12},"end":{"line":103,"column":22},"skip":true},{"start":{"line":105,"column":12},"end":{"line":106,"column":22},"skip":true}]},"11":{"line":89,"type":"binary-expr","locations":[{"start":{"line":89,"column":20},"end":{"line":89,"column":25},"skip":true},{"start":{"line":89,"column":29},"end":{"line":89,"column":48},"skip":true},{"start":{"line":89,"column":52},"end":{"line":89,"column":74},"skip":true}]},"12":{"line":92,"type":"if","locations":[{"start":{"line":92,"column":16},"end":{"line":92,"column":16},"skip":true},{"start":{"line":92,"column":16},"end":{"line":92,"column":16},"skip":true}]},"13":{"line":108,"type":"if","locations":[{"start":{"line":108,"column":12},"end":{"line":108,"column":12},"skip":true},{"start":{"line":108,"column":12},"end":{"line":108,"column":12},"skip":true}]},"14":{"line":108,"type":"binary-expr","locations":[{"start":{"line":108,"column":16},"end":{"line":108,"column":61},"skip":true},{"start":{"line":108,"column":66},"end":{"line":108,"column":72},"skip":true},{"start":{"line":108,"column":77},"end":{"line":108,"column":82},"skip":true},{"start":{"line":109,"column":20},"end":{"line":109,"column":39},"skip":true},{"start":{"line":110,"column":20},"end":{"line":110,"column":49},"skip":true},{"start":{"line":111,"column":20},"end":{"line":111,"column":58},"skip":true},{"start":{"line":112,"column":20},"end":{"line":112,"column":68},"skip":true}]},"15":{"line":129,"type":"if","locations":[{"start":{"line":129,"column":16},"end":{"line":129,"column":16},"skip":true},{"start":{"line":129,"column":16},"end":{"line":129,"column":16},"skip":true}]},"16":{"line":134,"type":"cond-expr","locations":[{"start":{"line":135,"column":26},"end":{"line":135,"column":29},"skip":true},{"start":{"line":136,"column":26},"end":{"line":136,"column":54},"skip":true}]},"17":{"line":164,"type":"binary-expr","locations":[{"start":{"line":164,"column":27},"end":{"line":164,"column":43},"skip":true},{"start":{"line":164,"column":47},"end":{"line":164,"column":49},"skip":true}]},"18":{"line":258,"type":"if","locations":[{"start":{"line":258,"column":8},"end":{"line":258,"column":8},"skip":true},{"start":{"line":258,"column":8},"end":{"line":258,"column":8},"skip":true}]},"19":{"line":275,"type":"switch","locations":[{"start":{"line":276,"column":20},"end":{"line":277,"column":64},"skip":true},{"start":{"line":278,"column":20},"end":{"line":279,"column":40},"skip":true},{"start":{"line":280,"column":20},"end":{"line":281,"column":40},"skip":true},{"start":{"line":282,"column":20},"end":{"line":283,"column":39},"skip":true}]},"20":{"line":288,"type":"if","locations":[{"start":{"line":288,"column":8},"end":{"line":288,"column":8},"skip":true},{"start":{"line":288,"column":8},"end":{"line":288,"column":8},"skip":true}]},"21":{"line":288,"type":"binary-expr","locations":[{"start":{"line":288,"column":12},"end":{"line":288,"column":40},"skip":true},{"start":{"line":288,"column":44},"end":{"line":288,"column":67},"skip":true}]},"22":{"line":292,"type":"binary-expr","locations":[{"start":{"line":292,"column":12},"end":{"line":292,"column":50},"skip":true},{"start":{"line":293,"column":12},"end":{"line":293,"column":53},"skip":true}]},"23":{"line":297,"type":"binary-expr","locations":[{"start":{"line":297,"column":12},"end":{"line":297,"column":66},"skip":true},{"start":{"line":298,"column":12},"end":{"line":301,"column":36},"skip":true}]},"24":{"line":303,"type":"binary-expr","locations":[{"start":{"line":303,"column":43},"end":{"line":303,"column":75},"skip":true},{"start":{"line":303,"column":79},"end":{"line":303,"column":81},"skip":true}]},"25":{"line":306,"type":"if","locations":[{"start":{"line":306,"column":8},"end":{"line":306,"column":8},"skip":true},{"start":{"line":306,"column":8},"end":{"line":306,"column":8},"skip":true}]},"26":{"line":310,"type":"if","locations":[{"start":{"line":310,"column":8},"end":{"line":310,"column":8},"skip":true},{"start":{"line":310,"column":8},"end":{"line":310,"column":8},"skip":true}]},"27":{"line":313,"type":"binary-expr","locations":[{"start":{"line":313,"column":27},"end":{"line":313,"column":43},"skip":true},{"start":{"line":313,"column":47},"end":{"line":313,"column":53},"skip":true}]},"28":{"line":317,"type":"if","locations":[{"start":{"line":317,"column":12},"end":{"line":317,"column":12},"skip":true},{"start":{"line":317,"column":12},"end":{"line":317,"column":12},"skip":true}]}},"code":["/*","example.js","","quickstart example","","instruction","    1. save this script as example.js","    2. run the shell command:","        $ npm install npmtest-nodeunit && PORT=8081 node example.js","    3. play with the browser-demo on http://127.0.0.1:8081","*/","","","","/* istanbul instrument in package npmtest_nodeunit */","/*jslint","    bitwise: true,","    browser: true,","    maxerr: 8,","    maxlen: 96,","    node: true,","    nomen: true,","    regexp: true,","    stupid: true","*/","(function () {","    'use strict';","    var local;","","","","    // run shared js-env code - init-before","    (function () {","        // init local","        local = {};","        // init modeJs","        local.modeJs = (function () {","            try {","                return typeof navigator.userAgent === 'string' &&","                    typeof document.querySelector('body') === 'object' &&","                    typeof XMLHttpRequest.prototype.open === 'function' &&","                    'browser';","            } catch (errorCaughtBrowser) {","                return module.exports &&","                    typeof process.versions.node === 'string' &&","                    typeof require('http').createServer === 'function' &&","                    'node';","            }","        }());","        // init global","        local.global = local.modeJs === 'browser'","            ? window","            : global;","        // init utility2_rollup","        local = local.global.utility2_rollup || (local.modeJs === 'browser'","            ? local.global.utility2_npmtest_nodeunit","            : global.utility2_moduleExports);","        // export local","        local.global.local = local;","    }());","    switch (local.modeJs) {","","","","    // init-after","    // run browser js-env code - init-after","    /* istanbul ignore next */","    case 'browser':","        local.testRunBrowser = function (event) {","            if (!event || (event &&","                    event.currentTarget &&","                    event.currentTarget.className &&","                    event.currentTarget.className.includes &&","                    event.currentTarget.className.includes('onreset'))) {","                // reset output","                Array.from(","                    document.querySelectorAll('body > .resettable')","                ).forEach(function (element) {","                    switch (element.tagName) {","                    case 'INPUT':","                    case 'TEXTAREA':","                        element.value = '';","                        break;","                    default:","                        element.textContent = '';","                    }","                });","            }","            switch (event && event.currentTarget && event.currentTarget.id) {","            case 'testRunButton1':","                // show tests","                if (document.querySelector('#testReportDiv1').style.display === 'none') {","                    document.querySelector('#testReportDiv1').style.display = 'block';","                    document.querySelector('#testRunButton1').textContent =","                        'hide internal test';","                    local.modeTest = true;","                    local.testRunDefault(local);","                // hide tests","                } else {","                    document.querySelector('#testReportDiv1').style.display = 'none';","                    document.querySelector('#testRunButton1').textContent = 'run internal test';","                }","                break;","            // custom-case","            default:","                break;","            }","            if (document.querySelector('#inputTextareaEval1') && (!event || (event &&","                    event.currentTarget &&","                    event.currentTarget.className &&","                    event.currentTarget.className.includes &&","                    event.currentTarget.className.includes('oneval')))) {","                // try to eval input-code","                try {","                    /*jslint evil: true*/","                    eval(document.querySelector('#inputTextareaEval1').value);","                } catch (errorCaught) {","                    console.error(errorCaught);","                }","            }","        };","        // log stderr and stdout to #outputTextareaStdout1","        ['error', 'log'].forEach(function (key) {","            console[key + '_original'] = console[key];","            console[key] = function () {","                var element;","                console[key + '_original'].apply(console, arguments);","                element = document.querySelector('#outputTextareaStdout1');","                if (!element) {","                    return;","                }","                // append text to #outputTextareaStdout1","                element.value += Array.from(arguments).map(function (arg) {","                    return typeof arg === 'string'","                        ? arg","                        : JSON.stringify(arg, null, 4);","                }).join(' ') + '\\n';","                // scroll textarea to bottom","                element.scrollTop = element.scrollHeight;","            };","        });","        // init event-handling","        ['change', 'click', 'keyup'].forEach(function (event) {","            Array.from(document.querySelectorAll('.on' + event)).forEach(function (element) {","                element.addEventListener(event, local.testRunBrowser);","            });","        });","        // run tests","        local.testRunBrowser();","        break;","","","","    // run node js-env code - init-after","    /* istanbul ignore next */","    case 'node':","        // export local","        module.exports = local;","        // require modules","        local.fs = require('fs');","        local.http = require('http');","        local.url = require('url');","        // init assets","        local.assetsDict = local.assetsDict || {};","        /* jslint-ignore-begin */","        local.assetsDict['/assets.index.template.html'] = '\\","<!doctype html>\\n\\","<html lang=\"en\">\\n\\","<head>\\n\\","<meta charset=\"UTF-8\">\\n\\","<meta name=\"viewport\" content=\"width=device-width, initial-scale=1\">\\n\\","<title>{{env.npm_package_name}} (v{{env.npm_package_version}})</title>\\n\\","<style>\\n\\","/*csslint\\n\\","    box-sizing: false,\\n\\","    universal-selector: false\\n\\","*/\\n\\","* {\\n\\","    box-sizing: border-box;\\n\\","}\\n\\","body {\\n\\","    background: #dde;\\n\\","    font-family: Arial, Helvetica, sans-serif;\\n\\","    margin: 2rem;\\n\\","}\\n\\","body > * {\\n\\","    margin-bottom: 1rem;\\n\\","}\\n\\",".utility2FooterDiv {\\n\\","    margin-top: 20px;\\n\\","    text-align: center;\\n\\","}\\n\\","</style>\\n\\","<style>\\n\\","/*csslint\\n\\","*/\\n\\","textarea {\\n\\","    font-family: monospace;\\n\\","    height: 10rem;\\n\\","    width: 100%;\\n\\","}\\n\\","textarea[readonly] {\\n\\","    background: #ddd;\\n\\","}\\n\\","</style>\\n\\","</head>\\n\\","<body>\\n\\","<!-- utility2-comment\\n\\","<div id=\"ajaxProgressDiv1\" style=\"background: #d00; height: 2px; left: 0; margin: 0; padding: 0; position: fixed; top: 0; transition: background 0.5s, width 1.5s; width: 25%;\"></div>\\n\\","utility2-comment -->\\n\\","<h1>\\n\\","<!-- utility2-comment\\n\\","    <a\\n\\","        {{#if env.npm_package_homepage}}\\n\\","        href=\"{{env.npm_package_homepage}}\"\\n\\","        {{/if env.npm_package_homepage}}\\n\\","        target=\"_blank\"\\n\\","    >\\n\\","utility2-comment -->\\n\\","        {{env.npm_package_name}} (v{{env.npm_package_version}})\\n\\","<!-- utility2-comment\\n\\","    </a>\\n\\","utility2-comment -->\\n\\","</h1>\\n\\","<h3>{{env.npm_package_description}}</h3>\\n\\","<!-- utility2-comment\\n\\","<h4><a download href=\"assets.app.js\">download standalone app</a></h4>\\n\\","<button class=\"onclick onreset\" id=\"testRunButton1\">run internal test</button><br>\\n\\","<div id=\"testReportDiv1\" style=\"display: none;\"></div>\\n\\","utility2-comment -->\\n\\","\\n\\","\\n\\","\\n\\","<label>stderr and stdout</label>\\n\\","<textarea class=\"resettable\" id=\"outputTextareaStdout1\" readonly></textarea>\\n\\","<!-- utility2-comment\\n\\","{{#if isRollup}}\\n\\","<script src=\"assets.app.js\"></script>\\n\\","{{#unless isRollup}}\\n\\","utility2-comment -->\\n\\","<script src=\"assets.utility2.rollup.js\"></script>\\n\\","<script src=\"jsonp.utility2._stateInit?callback=window.utility2._stateInit\"></script>\\n\\","<script src=\"assets.npmtest_nodeunit.rollup.js\"></script>\\n\\","<script src=\"assets.example.js\"></script>\\n\\","<script src=\"assets.test.js\"></script>\\n\\","<!-- utility2-comment\\n\\","{{/if isRollup}}\\n\\","utility2-comment -->\\n\\","<div class=\"utility2FooterDiv\">\\n\\","    [ this app was created with\\n\\","    <a href=\"https://github.com/kaizhu256/node-utility2\" target=\"_blank\">utility2</a>\\n\\","    ]\\n\\","</div>\\n\\","</body>\\n\\","</html>\\n\\","';","        /* jslint-ignore-end */","        if (local.templateRender) {","            local.assetsDict['/'] = local.templateRender(","                local.assetsDict['/assets.index.template.html'],","                {","                    env: local.objectSetDefault(local.env, {","                        npm_package_description: 'the greatest app in the world!',","                        npm_package_name: 'my-app',","                        npm_package_nameAlias: 'my_app',","                        npm_package_version: '0.0.1'","                    })","                }","            );","        } else {","            local.assetsDict['/'] = local.assetsDict['/assets.index.template.html']","                .replace((/\\{\\{env\\.(\\w+?)\\}\\}/g), function (match0, match1) {","                    // jslint-hack","                    String(match0);","                    switch (match1) {","                    case 'npm_package_description':","                        return 'the greatest app in the world!';","                    case 'npm_package_name':","                        return 'my-app';","                    case 'npm_package_nameAlias':","                        return 'my_app';","                    case 'npm_package_version':","                        return '0.0.1';","                    }","                });","        }","        // run the cli","        if (local.global.utility2_rollup || module !== require.main) {","            break;","        }","        local.assetsDict['/assets.example.js'] =","            local.assetsDict['/assets.example.js'] ||","            local.fs.readFileSync(__filename, 'utf8');","        // bug-workaround - long $npm_package_buildCustomOrg","        /* jslint-ignore-begin */","        local.assetsDict['/assets.npmtest_nodeunit.rollup.js'] =","            local.assetsDict['/assets.npmtest_nodeunit.rollup.js'] ||","            local.fs.readFileSync(","                local.npmtest_nodeunit.__dirname + '/lib.npmtest_nodeunit.js',","                'utf8'","            ).replace((/^#!/), '//');","        /* jslint-ignore-end */","        local.assetsDict['/favicon.ico'] = local.assetsDict['/favicon.ico'] || '';","        // if $npm_config_timeout_exit exists,","        // then exit this process after $npm_config_timeout_exit ms","        if (Number(process.env.npm_config_timeout_exit)) {","            setTimeout(process.exit, Number(process.env.npm_config_timeout_exit));","        }","        // start server","        if (local.global.utility2_serverHttp1) {","            break;","        }","        process.env.PORT = process.env.PORT || '8081';","        console.error('server starting on port ' + process.env.PORT);","        local.http.createServer(function (request, response) {","            request.urlParsed = local.url.parse(request.url);","            if (local.assetsDict[request.urlParsed.pathname] !== undefined) {","                response.end(local.assetsDict[request.urlParsed.pathname]);","                return;","            }","            response.statusCode = 404;","            response.end();","        }).listen(process.env.PORT);","        break;","    }","}());",""],"l":{"26":2,"28":2,"33":2,"35":2,"37":2,"38":2,"39":2,"44":1,"51":2,"55":2,"59":2,"61":2,"69":1,"70":2,"76":2,"79":2,"82":2,"83":2,"85":1,"89":2,"92":1,"93":1,"94":1,"96":1,"97":1,"100":1,"101":1,"103":1,"106":1,"108":2,"114":1,"116":1,"118":1,"123":1,"124":2,"125":2,"126":3,"127":3,"128":3,"129":3,"130":1,"133":3,"134":3,"139":3,"143":1,"144":3,"145":1,"149":1,"150":1,"158":1,"160":1,"161":1,"162":1,"164":1,"166":1,"258":1,"259":1,"271":1,"274":6,"275":6,"277":1,"279":2,"281":1,"283":2,"288":1,"289":1,"291":1,"296":1,"303":1,"306":1,"307":1,"310":1,"311":1,"313":1,"314":1,"315":1,"316":1,"317":1,"318":1,"319":1,"321":1,"322":1,"324":1}},"/home/travis/build/npmtest/node-npmtest-nodeunit/node_modules/nodeunit/index.js":{"path":"/home/travis/build/npmtest/node-npmtest-nodeunit/node_modules/nodeunit/index.js","s":{"1":1},"b":{},"f":{},"fnMap":{},"statementMap":{"1":{"start":{"line":3,"column":0},"end":{"line":3,"column":43}}},"branchMap":{},"code":["// This file is just added for convenience so this repository can be","// directly checked out into a project's deps folder","module.exports = require('./lib/nodeunit');",""],"l":{"3":1}},"/home/travis/build/npmtest/node-npmtest-nodeunit/node_modules/nodeunit/lib/nodeunit.js":{"path":"/home/travis/build/npmtest/node-npmtest-nodeunit/node_modules/nodeunit/lib/nodeunit.js","s":{"1":1,"2":1,"3":1,"4":1,"5":1,"6":1,"7":0,"8":0,"9":1,"10":5,"11":1,"12":0,"13":0,"14":0,"15":0,"16":0,"17":0,"18":0,"19":0,"20":0,"21":0,"22":0,"23":0,"24":0,"25":0,"26":1,"27":1,"28":16,"29":1,"30":0,"31":1,"32":0,"33":1},"b":{"1":[0,0],"2":[0,0]},"f":{"1":0,"2":0,"3":0,"4":0,"5":0,"6":0,"7":0},"fnMap":{"1":{"name":"(anonymous_1)","line":32,"loc":{"start":{"line":32,"column":9},"end":{"line":32,"column":21}}},"2":{"name":"(anonymous_2)","line":62,"loc":{"start":{"line":62,"column":19},"end":{"line":62,"column":41}}},"3":{"name":"(anonymous_3)","line":71,"loc":{"start":{"line":71,"column":29},"end":{"line":71,"column":51}}},"4":{"name":"(anonymous_4)","line":73,"loc":{"start":{"line":73,"column":34},"end":{"line":73,"column":54}}},"5":{"name":"(anonymous_5)","line":77,"loc":{"start":{"line":77,"column":8},"end":{"line":77,"column":39}}},"6":{"name":"(anonymous_6)","line":93,"loc":{"start":{"line":93,"column":19},"end":{"line":94,"column":0}}},"7":{"name":"(anonymous_7)","line":99,"loc":{"start":{"line":99,"column":15},"end":{"line":100,"column":0}}}},"statementMap":{"1":{"start":{"line":11,"column":0},"end":{"line":18,"column":31}},"2":{"start":{"line":25,"column":0},"end":{"line":25,"column":22}},"3":{"start":{"line":26,"column":0},"end":{"line":26,"column":22}},"4":{"start":{"line":27,"column":0},"end":{"line":27,"column":30}},"5":{"start":{"line":28,"column":0},"end":{"line":28,"column":24}},"6":{"start":{"line":31,"column":0},"end":{"line":39,"column":2}},"7":{"start":{"line":33,"column":8},"end":{"line":36,"column":10}},"8":{"start":{"line":37,"column":8},"end":{"line":37,"column":63}},"9":{"start":{"line":46,"column":0},"end":{"line":48,"column":1}},"10":{"start":{"line":47,"column":4},"end":{"line":47,"column":25}},"11":{"start":{"line":62,"column":0},"end":{"line":84,"column":2}},"12":{"start":{"line":63,"column":4},"end":{"line":63,"column":28}},"13":{"start":{"line":64,"column":4},"end":{"line":64,"column":37}},"14":{"start":{"line":65,"column":4},"end":{"line":65,"column":37}},"15":{"start":{"line":67,"column":4},"end":{"line":69,"column":5}},"16":{"start":{"line":68,"column":8},"end":{"line":68,"column":65}},"17":{"start":{"line":71,"column":4},"end":{"line":82,"column":26}},"18":{"start":{"line":72,"column":8},"end":{"line":72,"column":27}},"19":{"start":{"line":72,"column":17},"end":{"line":72,"column":27}},"20":{"start":{"line":73,"column":8},"end":{"line":81,"column":11}},"21":{"start":{"line":74,"column":12},"end":{"line":74,"column":43}},"22":{"start":{"line":75,"column":12},"end":{"line":75,"column":64}},"23":{"start":{"line":78,"column":12},"end":{"line":78,"column":43}},"24":{"start":{"line":79,"column":12},"end":{"line":79,"column":26}},"25":{"start":{"line":80,"column":12},"end":{"line":80,"column":75}},"26":{"start":{"line":87,"column":0},"end":{"line":87,"column":10}},"27":{"start":{"line":88,"column":0},"end":{"line":90,"column":1}},"28":{"start":{"line":89,"column":2},"end":{"line":89,"column":56}},"29":{"start":{"line":93,"column":0},"end":{"line":96,"column":2}},"30":{"start":{"line":95,"column":4},"end":{"line":95,"column":47}},"31":{"start":{"line":99,"column":0},"end":{"line":102,"column":2}},"32":{"start":{"line":101,"column":4},"end":{"line":101,"column":25}},"33":{"start":{"line":104,"column":0},"end":{"line":104,"column":25}}},"branchMap":{"1":{"line":67,"type":"if","locations":[{"start":{"line":67,"column":4},"end":{"line":67,"column":4}},{"start":{"line":67,"column":4},"end":{"line":67,"column":4}}]},"2":{"line":72,"type":"if","locations":[{"start":{"line":72,"column":8},"end":{"line":72,"column":8}},{"start":{"line":72,"column":8},"end":{"line":72,"column":8}}]}},"code":["/*!"," * Nodeunit"," * Copyright (c) 2010 Caolan McMahon"," * MIT Licensed"," */","","/**"," * Module dependencies"," */","","var async = require('../deps/async'),","    types = require('./types'),","    utils = require('./utils'),","    core = require('./core'),","    reporters = require('./reporters'),","    assert = require('./assert'),","    path = require('path'),","    events = require('events');","","","/**"," * Export sub-modules."," */","","exports.types = types;","exports.utils = utils;","exports.reporters = reporters;","exports.assert = assert;","","// backwards compatibility","exports.testrunner = {","    run: function () {","        console.log(","            'WARNING: nodeunit.testrunner is going to be deprecated, please ' +","            'use nodeunit.reporters.default instead!'","        );","        return reporters['default'].run.apply(this, arguments);","    }","};","","","/**"," * Export all core functions"," */","","for (var k in core) {","    exports[k] = core[k];","};","","","/**"," * Load modules from paths array and run all exported tests in series. If a path"," * is a directory, load all supported file types inside it as modules. This only"," * reads 1 level deep in the directory and does not recurse through"," * sub-directories."," *"," * @param {Array} paths"," * @param {Object} opt"," * @api public"," */","","exports.runFiles = function (paths, opt) {","    var all_assertions = [];","    var options = types.options(opt);","    var start = new Date().getTime();","","    if (!paths.length) {","        return options.done(types.assertionList(all_assertions));","    }","","    utils.modulePaths(paths, function (err, files) {","        if (err) throw err;","        async.concatSeries(files, function (file, cb) {","            var name = path.basename(file);","            exports.runModule(name, require(file), options, cb);","        },","        function (err, all_assertions) {","            var end = new Date().getTime();","            exports.done()","            options.done(types.assertionList(all_assertions, end - start));","        });","    }, options.recursive);","","};","","/* Export all prototypes from events.EventEmitter */","var label;","for (label in events.EventEmitter.prototype) {","  exports[label] = events.EventEmitter.prototype[label];","}","","/* Emit event 'complete' on completion of a test suite. */","exports.complete = function(name, assertions)","{","    exports.emit('complete', name, assertions);","};","","/* Emit event 'complete' on completion of all tests. */","exports.done = function()","{","    exports.emit('done');","};","","module.exports = exports;",""],"l":{"11":1,"25":1,"26":1,"27":1,"28":1,"31":1,"33":0,"37":0,"46":1,"47":5,"62":1,"63":0,"64":0,"65":0,"67":0,"68":0,"71":0,"72":0,"73":0,"74":0,"75":0,"78":0,"79":0,"80":0,"87":1,"88":1,"89":16,"93":1,"95":0,"99":1,"101":0,"104":1}},"/home/travis/build/npmtest/node-npmtest-nodeunit/node_modules/nodeunit/deps/async.js":{"path":"/home/travis/build/npmtest/node-npmtest-nodeunit/node_modules/nodeunit/deps/async.js","s":{"1":1,"2":1,"3":1,"4":1,"5":1,"6":0,"7":1,"8":0,"9":0,"10":1,"11":0,"12":0,"13":0,"14":0,"15":1,"16":0,"17":0,"18":0,"19":0,"20":0,"21":0,"22":1,"23":0,"24":0,"25":0,"26":0,"27":0,"28":1,"29":0,"30":0,"31":0,"32":0,"33":0,"34":0,"35":0,"36":1,"37":0,"38":0,"39":0,"40":0,"41":0,"42":0,"43":1,"44":1,"45":0,"46":0,"47":0,"48":0,"49":0,"50":1,"51":0,"52":0,"53":0,"54":0,"55":0,"56":0,"57":0,"58":0,"59":0,"60":0,"61":0,"62":1,"63":0,"64":0,"65":0,"66":0,"67":0,"68":0,"69":0,"70":0,"71":0,"72":0,"73":0,"74":0,"75":0,"76":1,"77":5,"78":0,"79":0,"80":1,"81":5,"82":0,"83":0,"84":1,"85":0,"86":0,"87":0,"88":0,"89":0,"90":0,"91":0,"92":0,"93":1,"94":1,"95":1,"96":0,"97":0,"98":0,"99":0,"100":0,"101":1,"102":1,"103":1,"104":0,"105":0,"106":0,"107":1,"108":1,"109":0,"110":0,"111":0,"112":0,"113":0,"114":0,"115":0,"116":0,"117":0,"118":0,"119":0,"120":1,"121":1,"122":1,"123":1,"124":1,"125":0,"126":0,"127":0,"128":0,"129":0,"130":0,"131":0,"132":0,"133":0,"134":0,"135":0,"136":1,"137":1,"138":1,"139":0,"140":0,"141":0,"142":0,"143":0,"144":0,"145":1,"146":1,"147":1,"148":0,"149":0,"150":0,"151":0,"152":0,"153":0,"154":0,"155":1,"156":1,"157":0,"158":0,"159":0,"160":0,"161":0,"162":0,"163":0,"164":1,"165":1,"166":0,"167":0,"168":0,"169":0,"170":0,"171":0,"172":0,"173":0,"174":0,"175":0,"176":0,"177":0,"178":1,"179":0,"180":0,"181":0,"182":0,"183":0,"184":0,"185":0,"186":0,"187":0,"188":0,"189":0,"190":0,"191":0,"192":0,"193":0,"194":0,"195":0,"196":0,"197":0,"198":0,"199":0,"200":0,"201":0,"202":0,"203":0,"204":0,"205":0,"206":0,"207":0,"208":0,"209":0,"210":0,"211":0,"212":0,"213":0,"214":0,"215":0,"216":0,"217":1,"218":0,"219":0,"220":0,"221":0,"222":0,"223":0,"224":0,"225":0,"226":0,"227":0,"228":0,"229":0,"230":0,"231":0,"232":0,"233":0,"234":1,"235":0,"236":0,"237":0,"238":0,"239":0,"240":0,"241":0,"242":0,"243":0,"244":0,"245":0,"246":0,"247":0,"248":0,"249":0,"250":0,"251":0,"252":0,"253":1,"254":0,"255":0,"256":0,"257":0,"258":0,"259":0,"260":0,"261":0,"262":0,"263":0,"264":0,"265":0,"266":0,"267":0,"268":0,"269":0,"270":0,"271":0,"272":1,"273":0,"274":0,"275":0,"276":0,"277":0,"278":0,"279":0,"280":0,"281":0,"282":1,"283":0,"284":0,"285":0,"286":1,"287":0,"288":0,"289":0,"290":0,"291":0,"292":0,"293":1,"294":1,"295":1,"296":0,"297":0,"298":0,"299":0,"300":0,"301":0,"302":1,"303":0,"304":0,"305":0,"306":0,"307":0,"308":0,"309":1,"310":0,"311":0,"312":0,"313":0,"314":0,"315":0,"316":0,"317":0,"318":0,"319":0,"320":0,"321":0,"322":0,"323":0,"324":0,"325":1,"326":2,"327":0,"328":0,"329":0,"330":0,"331":0,"332":0,"333":0,"334":0,"335":0,"336":0,"337":1,"338":1,"339":1,"340":0,"341":0,"342":0,"343":0,"344":0,"345":0,"346":0,"347":0,"348":0,"349":0,"350":0,"351":0},"b":{"1":[1,0],"2":[1,1],"3":[0,0],"4":[0,0],"5":[0,0],"6":[0,0],"7":[0,0],"8":[0,0],"9":[0,0],"10":[1,0],"11":[0,0],"12":[0,0],"13":[0,0],"14":[0,0],"15":[0,0],"16":[0,0],"17":[0,0],"18":[0,0],"19":[0,0],"20":[0,0],"21":[0,0],"22":[0,0],"23":[0,0],"24":[0,0],"25":[0,0],"26":[0,0],"27":[0,0],"28":[0,0],"29":[0,0],"30":[0,0],"31":[0,0],"32":[0,0],"33":[0,0],"34":[0,0],"35":[0,0],"36":[0,0],"37":[0,0],"38":[0,0],"39":[0,0],"40":[0,0],"41":[0,0],"42":[0,0],"43":[0,0],"44":[0,0],"45":[0,0],"46":[0,0],"47":[0,0],"48":[0,0],"49":[0,0],"50":[0,0],"51":[0,0],"52":[0,0],"53":[0,0],"54":[0,0],"55":[0,0],"56":[0,0],"57":[0,0],"58":[0,0],"59":[0,0],"60":[0,0],"61":[0,0],"62":[0,0],"63":[0,0],"64":[0,0],"65":[0,0],"66":[0,0],"67":[0,0],"68":[0,0],"69":[0,0]},"f":{"1":1,"2":0,"3":0,"4":0,"5":0,"6":0,"7":0,"8":0,"9":0,"10":0,"11":0,"12":0,"13":0,"14":0,"15":0,"16":0,"17":0,"18":0,"19":0,"20":5,"21":0,"22":5,"23":0,"24":0,"25":0,"26":0,"27":0,"28":0,"29":0,"30":0,"31":0,"32":0,"33":0,"34":0,"35":0,"36":0,"37":0,"38":0,"39":0,"40":0,"41":0,"42":0,"43":0,"44":0,"45":0,"46":0,"47":0,"48":0,"49":0,"50":0,"51":0,"52":0,"53":0,"54":0,"55":0,"56":0,"57":0,"58":0,"59":0,"60":0,"61":0,"62":0,"63":0,"64":0,"65":0,"66":0,"67":0,"68":0,"69":0,"70":0,"71":0,"72":0,"73":0,"74":0,"75":0,"76":0,"77":0,"78":0,"79":0,"80":0,"81":0,"82":0,"83":0,"84":0,"85":0,"86":0,"87":0,"88":0,"89":0,"90":0,"91":0,"92":0,"93":0,"94":0,"95":0,"96":0,"97":0,"98":0,"99":0,"100":0,"101":0,"102":0,"103":0,"104":0,"105":0,"106":0,"107":0,"108":0,"109":0,"110":0,"111":0,"112":0,"113":0,"114":0,"115":0,"116":0,"117":0,"118":0,"119":0,"120":0,"121":2,"122":0,"123":0,"124":0,"125":0,"126":0,"127":0,"128":0},"fnMap":{"1":{"name":"(anonymous_1)","line":2,"loc":{"start":{"line":2,"column":1},"end":{"line":2,"column":13}}},"2":{"name":"(anonymous_2)","line":17,"loc":{"start":{"line":17,"column":23},"end":{"line":17,"column":35}}},"3":{"name":"(anonymous_3)","line":24,"loc":{"start":{"line":24,"column":19},"end":{"line":24,"column":44}}},"4":{"name":"(anonymous_4)","line":33,"loc":{"start":{"line":33,"column":15},"end":{"line":33,"column":40}}},"5":{"name":"(anonymous_5)","line":38,"loc":{"start":{"line":38,"column":22},"end":{"line":38,"column":41}}},"6":{"name":"(anonymous_6)","line":44,"loc":{"start":{"line":44,"column":18},"end":{"line":44,"column":49}}},"7":{"name":"(anonymous_7)","line":48,"loc":{"start":{"line":48,"column":22},"end":{"line":48,"column":41}}},"8":{"name":"(anonymous_8)","line":54,"loc":{"start":{"line":54,"column":16},"end":{"line":54,"column":31}}},"9":{"name":"(anonymous_9)","line":67,"loc":{"start":{"line":67,"column":19},"end":{"line":67,"column":40}}},"10":{"name":"(anonymous_10)","line":83,"loc":{"start":{"line":83,"column":25},"end":{"line":83,"column":39}}},"11":{"name":"(anonymous_11)","line":91,"loc":{"start":{"line":91,"column":25},"end":{"line":91,"column":39}}},"12":{"name":"(anonymous_12)","line":96,"loc":{"start":{"line":96,"column":20},"end":{"line":96,"column":55}}},"13":{"name":"(anonymous_13)","line":101,"loc":{"start":{"line":101,"column":22},"end":{"line":101,"column":35}}},"14":{"name":"(anonymous_14)","line":102,"loc":{"start":{"line":102,"column":24},"end":{"line":102,"column":39}}},"15":{"name":"(anonymous_15)","line":105,"loc":{"start":{"line":105,"column":31},"end":{"line":105,"column":43}}},"16":{"name":"(anonymous_16)","line":117,"loc":{"start":{"line":117,"column":26},"end":{"line":117,"column":61}}},"17":{"name":"(anonymous_17)","line":122,"loc":{"start":{"line":122,"column":22},"end":{"line":122,"column":34}}},"18":{"name":"(anonymous_18)","line":123,"loc":{"start":{"line":123,"column":37},"end":{"line":123,"column":52}}},"19":{"name":"(anonymous_19)","line":126,"loc":{"start":{"line":126,"column":31},"end":{"line":126,"column":43}}},"20":{"name":"(anonymous_20)","line":143,"loc":{"start":{"line":143,"column":21},"end":{"line":143,"column":35}}},"21":{"name":"(anonymous_21)","line":144,"loc":{"start":{"line":144,"column":15},"end":{"line":144,"column":27}}},"22":{"name":"(anonymous_22)","line":149,"loc":{"start":{"line":149,"column":19},"end":{"line":149,"column":33}}},"23":{"name":"(anonymous_23)","line":150,"loc":{"start":{"line":150,"column":15},"end":{"line":150,"column":27}}},"24":{"name":"(anonymous_24)","line":157,"loc":{"start":{"line":157,"column":20},"end":{"line":157,"column":63}}},"25":{"name":"(anonymous_25)","line":159,"loc":{"start":{"line":159,"column":24},"end":{"line":159,"column":40}}},"26":{"name":"(anonymous_26)","line":162,"loc":{"start":{"line":162,"column":20},"end":{"line":162,"column":43}}},"27":{"name":"(anonymous_27)","line":163,"loc":{"start":{"line":163,"column":30},"end":{"line":163,"column":48}}},"28":{"name":"(anonymous_28)","line":167,"loc":{"start":{"line":167,"column":11},"end":{"line":167,"column":26}}},"29":{"name":"(anonymous_29)","line":177,"loc":{"start":{"line":177,"column":19},"end":{"line":177,"column":60}}},"30":{"name":"(anonymous_30)","line":178,"loc":{"start":{"line":178,"column":33},"end":{"line":178,"column":56}}},"31":{"name":"(anonymous_31)","line":179,"loc":{"start":{"line":179,"column":30},"end":{"line":179,"column":48}}},"32":{"name":"(anonymous_32)","line":183,"loc":{"start":{"line":183,"column":11},"end":{"line":183,"column":26}}},"33":{"name":"(anonymous_33)","line":192,"loc":{"start":{"line":192,"column":24},"end":{"line":192,"column":65}}},"34":{"name":"(anonymous_34)","line":193,"loc":{"start":{"line":193,"column":33},"end":{"line":193,"column":46}}},"35":{"name":"(anonymous_35)","line":201,"loc":{"start":{"line":201,"column":18},"end":{"line":201,"column":61}}},"36":{"name":"(anonymous_36)","line":203,"loc":{"start":{"line":203,"column":24},"end":{"line":203,"column":40}}},"37":{"name":"(anonymous_37)","line":206,"loc":{"start":{"line":206,"column":20},"end":{"line":206,"column":43}}},"38":{"name":"(anonymous_38)","line":207,"loc":{"start":{"line":207,"column":30},"end":{"line":207,"column":43}}},"39":{"name":"(anonymous_39)","line":213,"loc":{"start":{"line":213,"column":11},"end":{"line":213,"column":26}}},"40":{"name":"(anonymous_40)","line":214,"loc":{"start":{"line":214,"column":39},"end":{"line":214,"column":55}}},"41":{"name":"(anonymous_41)","line":216,"loc":{"start":{"line":216,"column":16},"end":{"line":216,"column":29}}},"42":{"name":"(anonymous_42)","line":227,"loc":{"start":{"line":227,"column":18},"end":{"line":227,"column":61}}},"43":{"name":"(anonymous_43)","line":229,"loc":{"start":{"line":229,"column":24},"end":{"line":229,"column":40}}},"44":{"name":"(anonymous_44)","line":232,"loc":{"start":{"line":232,"column":20},"end":{"line":232,"column":43}}},"45":{"name":"(anonymous_45)","line":233,"loc":{"start":{"line":233,"column":30},"end":{"line":233,"column":43}}},"46":{"name":"(anonymous_46)","line":239,"loc":{"start":{"line":239,"column":11},"end":{"line":239,"column":26}}},"47":{"name":"(anonymous_47)","line":240,"loc":{"start":{"line":240,"column":39},"end":{"line":240,"column":55}}},"48":{"name":"(anonymous_48)","line":242,"loc":{"start":{"line":242,"column":16},"end":{"line":242,"column":29}}},"49":{"name":"(anonymous_49)","line":250,"loc":{"start":{"line":250,"column":18},"end":{"line":250,"column":66}}},"50":{"name":"(anonymous_50)","line":251,"loc":{"start":{"line":251,"column":20},"end":{"line":251,"column":43}}},"51":{"name":"(anonymous_51)","line":252,"loc":{"start":{"line":252,"column":24},"end":{"line":252,"column":42}}},"52":{"name":"(anonymous_52)","line":260,"loc":{"start":{"line":260,"column":11},"end":{"line":260,"column":26}}},"53":{"name":"(anonymous_53)","line":267,"loc":{"start":{"line":267,"column":17},"end":{"line":267,"column":57}}},"54":{"name":"(anonymous_54)","line":268,"loc":{"start":{"line":268,"column":27},"end":{"line":268,"column":50}}},"55":{"name":"(anonymous_55)","line":269,"loc":{"start":{"line":269,"column":24},"end":{"line":269,"column":37}}},"56":{"name":"(anonymous_56)","line":272,"loc":{"start":{"line":272,"column":36},"end":{"line":272,"column":48}}},"57":{"name":"(anonymous_57)","line":276,"loc":{"start":{"line":276,"column":11},"end":{"line":276,"column":26}}},"58":{"name":"(anonymous_58)","line":283,"loc":{"start":{"line":283,"column":18},"end":{"line":283,"column":58}}},"59":{"name":"(anonymous_59)","line":284,"loc":{"start":{"line":284,"column":27},"end":{"line":284,"column":50}}},"60":{"name":"(anonymous_60)","line":285,"loc":{"start":{"line":285,"column":24},"end":{"line":285,"column":37}}},"61":{"name":"(anonymous_61)","line":288,"loc":{"start":{"line":288,"column":36},"end":{"line":288,"column":48}}},"62":{"name":"(anonymous_62)","line":292,"loc":{"start":{"line":292,"column":11},"end":{"line":292,"column":26}}},"63":{"name":"(anonymous_63)","line":299,"loc":{"start":{"line":299,"column":19},"end":{"line":299,"column":54}}},"64":{"name":"(anonymous_64)","line":300,"loc":{"start":{"line":300,"column":23},"end":{"line":300,"column":46}}},"65":{"name":"(anonymous_65)","line":301,"loc":{"start":{"line":301,"column":24},"end":{"line":301,"column":49}}},"66":{"name":"(anonymous_66)","line":309,"loc":{"start":{"line":309,"column":11},"end":{"line":309,"column":35}}},"67":{"name":"(anonymous_67)","line":314,"loc":{"start":{"line":314,"column":25},"end":{"line":314,"column":48}}},"68":{"name":"(anonymous_68)","line":318,"loc":{"start":{"line":318,"column":54},"end":{"line":318,"column":67}}},"69":{"name":"(anonymous_69)","line":325,"loc":{"start":{"line":325,"column":17},"end":{"line":325,"column":44}}},"70":{"name":"(anonymous_70)","line":326,"loc":{"start":{"line":326,"column":31},"end":{"line":326,"column":43}}},"71":{"name":"(anonymous_71)","line":335,"loc":{"start":{"line":335,"column":26},"end":{"line":335,"column":40}}},"72":{"name":"(anonymous_72)","line":338,"loc":{"start":{"line":338,"column":29},"end":{"line":338,"column":43}}},"73":{"name":"(anonymous_73)","line":346,"loc":{"start":{"line":346,"column":27},"end":{"line":346,"column":39}}},"74":{"name":"(anonymous_74)","line":347,"loc":{"start":{"line":347,"column":32},"end":{"line":347,"column":46}}},"75":{"name":"(anonymous_75)","line":352,"loc":{"start":{"line":352,"column":20},"end":{"line":352,"column":32}}},"76":{"name":"(anonymous_76)","line":358,"loc":{"start":{"line":358,"column":23},"end":{"line":358,"column":36}}},"77":{"name":"(anonymous_77)","line":360,"loc":{"start":{"line":360,"column":31},"end":{"line":360,"column":46}}},"78":{"name":"(anonymous_78)","line":364,"loc":{"start":{"line":364,"column":31},"end":{"line":364,"column":43}}},"79":{"name":"(anonymous_79)","line":372,"loc":{"start":{"line":372,"column":24},"end":{"line":372,"column":36}}},"80":{"name":"(anonymous_80)","line":373,"loc":{"start":{"line":373,"column":41},"end":{"line":373,"column":57}}},"81":{"name":"(anonymous_81)","line":381,"loc":{"start":{"line":381,"column":31},"end":{"line":381,"column":43}}},"82":{"name":"(anonymous_82)","line":392,"loc":{"start":{"line":392,"column":22},"end":{"line":392,"column":49}}},"83":{"name":"(anonymous_83)","line":396,"loc":{"start":{"line":396,"column":31},"end":{"line":396,"column":43}}},"84":{"name":"(anonymous_84)","line":397,"loc":{"start":{"line":397,"column":27},"end":{"line":397,"column":47}}},"85":{"name":"(anonymous_85)","line":398,"loc":{"start":{"line":398,"column":19},"end":{"line":398,"column":34}}},"86":{"name":"(anonymous_86)","line":401,"loc":{"start":{"line":401,"column":31},"end":{"line":401,"column":43}}},"87":{"name":"(anonymous_87)","line":412,"loc":{"start":{"line":412,"column":35},"end":{"line":412,"column":47}}},"88":{"name":"(anonymous_88)","line":421,"loc":{"start":{"line":421,"column":21},"end":{"line":421,"column":48}}},"89":{"name":"(anonymous_89)","line":422,"loc":{"start":{"line":422,"column":31},"end":{"line":422,"column":43}}},"90":{"name":"(anonymous_90)","line":424,"loc":{"start":{"line":424,"column":29},"end":{"line":424,"column":53}}},"91":{"name":"(anonymous_91)","line":426,"loc":{"start":{"line":426,"column":23},"end":{"line":426,"column":38}}},"92":{"name":"(anonymous_92)","line":438,"loc":{"start":{"line":438,"column":40},"end":{"line":438,"column":63}}},"93":{"name":"(anonymous_93)","line":439,"loc":{"start":{"line":439,"column":25},"end":{"line":439,"column":40}}},"94":{"name":"(anonymous_94)","line":447,"loc":{"start":{"line":447,"column":15},"end":{"line":447,"column":30}}},"95":{"name":"(anonymous_95)","line":453,"loc":{"start":{"line":453,"column":19},"end":{"line":453,"column":46}}},"96":{"name":"(anonymous_96)","line":454,"loc":{"start":{"line":454,"column":31},"end":{"line":454,"column":43}}},"97":{"name":"(anonymous_97)","line":456,"loc":{"start":{"line":456,"column":35},"end":{"line":456,"column":59}}},"98":{"name":"(anonymous_98)","line":458,"loc":{"start":{"line":458,"column":23},"end":{"line":458,"column":38}}},"99":{"name":"(anonymous_99)","line":470,"loc":{"start":{"line":470,"column":46},"end":{"line":470,"column":69}}},"100":{"name":"(anonymous_100)","line":471,"loc":{"start":{"line":471,"column":25},"end":{"line":471,"column":40}}},"101":{"name":"(anonymous_101)","line":479,"loc":{"start":{"line":479,"column":15},"end":{"line":479,"column":30}}},"102":{"name":"(anonymous_102)","line":485,"loc":{"start":{"line":485,"column":21},"end":{"line":485,"column":38}}},"103":{"name":"(anonymous_103)","line":486,"loc":{"start":{"line":486,"column":27},"end":{"line":486,"column":44}}},"104":{"name":"(anonymous_104)","line":487,"loc":{"start":{"line":487,"column":21},"end":{"line":487,"column":33}}},"105":{"name":"(anonymous_105)","line":493,"loc":{"start":{"line":493,"column":22},"end":{"line":493,"column":34}}},"106":{"name":"(anonymous_106)","line":501,"loc":{"start":{"line":501,"column":18},"end":{"line":501,"column":32}}},"107":{"name":"(anonymous_107)","line":503,"loc":{"start":{"line":503,"column":15},"end":{"line":503,"column":27}}},"108":{"name":"(anonymous_108)","line":510,"loc":{"start":{"line":510,"column":18},"end":{"line":510,"column":55}}},"109":{"name":"(anonymous_109)","line":512,"loc":{"start":{"line":512,"column":20},"end":{"line":512,"column":37}}},"110":{"name":"(anonymous_110)","line":513,"loc":{"start":{"line":513,"column":18},"end":{"line":513,"column":36}}},"111":{"name":"(anonymous_111)","line":517,"loc":{"start":{"line":517,"column":11},"end":{"line":517,"column":26}}},"112":{"name":"(anonymous_112)","line":524,"loc":{"start":{"line":524,"column":19},"end":{"line":524,"column":55}}},"113":{"name":"(anonymous_113)","line":526,"loc":{"start":{"line":526,"column":21},"end":{"line":526,"column":36}}},"114":{"name":"(anonymous_114)","line":538,"loc":{"start":{"line":538,"column":18},"end":{"line":538,"column":54}}},"115":{"name":"(anonymous_115)","line":540,"loc":{"start":{"line":540,"column":21},"end":{"line":540,"column":36}}},"116":{"name":"(anonymous_116)","line":552,"loc":{"start":{"line":552,"column":18},"end":{"line":552,"column":49}}},"117":{"name":"(anonymous_117)","line":557,"loc":{"start":{"line":557,"column":18},"end":{"line":557,"column":44}}},"118":{"name":"(anonymous_118)","line":561,"loc":{"start":{"line":561,"column":21},"end":{"line":561,"column":33}}},"119":{"name":"(anonymous_119)","line":565,"loc":{"start":{"line":565,"column":38},"end":{"line":565,"column":50}}},"120":{"name":"(anonymous_120)","line":574,"loc":{"start":{"line":574,"column":20},"end":{"line":574,"column":32}}},"121":{"name":"(anonymous_121)","line":581,"loc":{"start":{"line":581,"column":22},"end":{"line":581,"column":38}}},"122":{"name":"(anonymous_122)","line":582,"loc":{"start":{"line":582,"column":15},"end":{"line":582,"column":29}}},"123":{"name":"(anonymous_123)","line":584,"loc":{"start":{"line":584,"column":40},"end":{"line":584,"column":55}}},"124":{"name":"(anonymous_124)","line":593,"loc":{"start":{"line":593,"column":39},"end":{"line":593,"column":52}}},"125":{"name":"(anonymous_125)","line":607,"loc":{"start":{"line":607,"column":20},"end":{"line":607,"column":42}}},"126":{"name":"(anonymous_126)","line":609,"loc":{"start":{"line":609,"column":27},"end":{"line":609,"column":40}}},"127":{"name":"(anonymous_127)","line":612,"loc":{"start":{"line":612,"column":15},"end":{"line":612,"column":27}}},"128":{"name":"(anonymous_128)","line":620,"loc":{"start":{"line":620,"column":44},"end":{"line":620,"column":56}}}},"statementMap":{"1":{"start":{"line":2,"column":0},"end":{"line":628,"column":14}},"2":{"start":{"line":4,"column":4},"end":{"line":4,"column":19}},"3":{"start":{"line":7,"column":4},"end":{"line":8,"column":36}},"4":{"start":{"line":10,"column":4},"end":{"line":15,"column":5}},"5":{"start":{"line":11,"column":8},"end":{"line":11,"column":31}},"6":{"start":{"line":14,"column":8},"end":{"line":14,"column":27}},"7":{"start":{"line":17,"column":4},"end":{"line":20,"column":6}},"8":{"start":{"line":18,"column":8},"end":{"line":18,"column":36}},"9":{"start":{"line":19,"column":8},"end":{"line":19,"column":21}},"10":{"start":{"line":24,"column":4},"end":{"line":31,"column":6}},"11":{"start":{"line":25,"column":8},"end":{"line":27,"column":9}},"12":{"start":{"line":26,"column":12},"end":{"line":26,"column":41}},"13":{"start":{"line":28,"column":8},"end":{"line":30,"column":9}},"14":{"start":{"line":29,"column":12},"end":{"line":29,"column":37}},"15":{"start":{"line":33,"column":4},"end":{"line":42,"column":6}},"16":{"start":{"line":34,"column":8},"end":{"line":36,"column":9}},"17":{"start":{"line":35,"column":12},"end":{"line":35,"column":37}},"18":{"start":{"line":37,"column":8},"end":{"line":37,"column":25}},"19":{"start":{"line":38,"column":8},"end":{"line":40,"column":11}},"20":{"start":{"line":39,"column":12},"end":{"line":39,"column":44}},"21":{"start":{"line":41,"column":8},"end":{"line":41,"column":23}},"22":{"start":{"line":44,"column":4},"end":{"line":52,"column":6}},"23":{"start":{"line":45,"column":8},"end":{"line":47,"column":9}},"24":{"start":{"line":46,"column":12},"end":{"line":46,"column":46}},"25":{"start":{"line":48,"column":8},"end":{"line":50,"column":11}},"26":{"start":{"line":49,"column":12},"end":{"line":49,"column":43}},"27":{"start":{"line":51,"column":8},"end":{"line":51,"column":20}},"28":{"start":{"line":54,"column":4},"end":{"line":65,"column":6}},"29":{"start":{"line":55,"column":8},"end":{"line":57,"column":9}},"30":{"start":{"line":56,"column":12},"end":{"line":56,"column":36}},"31":{"start":{"line":58,"column":8},"end":{"line":58,"column":22}},"32":{"start":{"line":59,"column":8},"end":{"line":63,"column":9}},"33":{"start":{"line":60,"column":12},"end":{"line":62,"column":13}},"34":{"start":{"line":61,"column":16},"end":{"line":61,"column":29}},"35":{"start":{"line":64,"column":8},"end":{"line":64,"column":20}},"36":{"start":{"line":67,"column":4},"end":{"line":77,"column":6}},"37":{"start":{"line":68,"column":8},"end":{"line":70,"column":9}},"38":{"start":{"line":69,"column":12},"end":{"line":69,"column":37}},"39":{"start":{"line":71,"column":8},"end":{"line":75,"column":9}},"40":{"start":{"line":72,"column":12},"end":{"line":74,"column":13}},"41":{"start":{"line":73,"column":16},"end":{"line":73,"column":25}},"42":{"start":{"line":76,"column":8},"end":{"line":76,"column":18}},"43":{"start":{"line":82,"column":4},"end":{"line":94,"column":5}},"44":{"start":{"line":83,"column":8},"end":{"line":85,"column":10}},"45":{"start":{"line":84,"column":12},"end":{"line":84,"column":29}},"46":{"start":{"line":87,"column":9},"end":{"line":94,"column":5}},"47":{"start":{"line":88,"column":8},"end":{"line":88,"column":42}},"48":{"start":{"line":91,"column":8},"end":{"line":93,"column":10}},"49":{"start":{"line":92,"column":12},"end":{"line":92,"column":30}},"50":{"start":{"line":96,"column":4},"end":{"line":115,"column":6}},"51":{"start":{"line":97,"column":8},"end":{"line":99,"column":9}},"52":{"start":{"line":98,"column":12},"end":{"line":98,"column":30}},"53":
[...]
 and an optional","// space parameter, and returns a JSON text. The replacer can be a function","// that can replace values, or an array of strings that will select the keys.","// A default replacer method can be provided. Use of the space parameter can","// produce text that is more easily readable.","","            var i;","            gap = '';","            indent = '';","","// If the space parameter is a number, make an indent string containing that","// many spaces.","","            if (typeof space === 'number') {","                for (i = 0; i < space; i += 1) {","                    indent += ' ';","                }","","// If the space parameter is a string, it will be used as the indent string.","","            } else if (typeof space === 'string') {","                indent = space;","            }","","// If there is a replacer, it must be a function or an array.","// Otherwise, throw an error.","","            rep = replacer;","            if (replacer && typeof replacer !== 'function' &&","                    (typeof replacer !== 'object' ||","                     typeof replacer.length !== 'number')) {","                throw new Error('JSON.stringify');","            }","","// Make a fake root object containing our value under the key of ''.","// Return the result of stringifying the value.","","            return str('', {'': value});","        };","    }","","","// If the JSON object does not yet have a parse method, give it one.","","    if (typeof JSON.parse !== 'function') {","        JSON.parse = function (text, reviver) {","","// The parse method takes a text and an optional reviver function, and returns","// a JavaScript value if the text is a valid JSON text.","","            var j;","","            function walk(holder, key) {","","// The walk method is used to recursively walk the resulting structure so","// that modifications can be made.","","                var k, v, value = holder[key];","                if (value && typeof value === 'object') {","                    for (k in value) {","                        if (Object.hasOwnProperty.call(value, k)) {","                            v = walk(value, k);","                            if (v !== undefined) {","                                value[k] = v;","                            } else {","                                delete value[k];","                            }","                        }","                    }","                }","                return reviver.call(holder, key, value);","            }","","","// Parsing happens in four stages. In the first stage, we replace certain","// Unicode characters with escape sequences. JavaScript handles many characters","// incorrectly, either silently deleting them, or treating them as line endings.","","            text = String(text);","            cx.lastIndex = 0;","            if (cx.test(text)) {","                text = text.replace(cx, function (a) {","                    return '\\\\u' +","                        ('0000' + a.charCodeAt(0).toString(16)).slice(-4);","                });","            }","","// In the second stage, we run the text against regular expressions that look","// for non-JSON patterns. We are especially concerned with '()' and 'new'","// because they can cause invocation, and '=' because it can cause mutation.","// But just to be safe, we want to reject all unexpected forms.","","// We split the second stage into 4 regexp operations in order to work around","// crippling inefficiencies in IE's and Safari's regexp engines. First we","// replace the JSON backslash pairs with '@' (a non-JSON character). Second, we","// replace all simple value tokens with ']' characters. Third, we delete all","// open brackets that follow a colon or comma or that begin the text. Finally,","// we look to see that the remaining characters are only whitespace or ']' or","// ',' or ':' or '{' or '}'. If that is so, then the text is safe for eval.","","            if (/^[\\],:{}\\s]*$/",".test(text.replace(/\\\\(?:[\"\\\\\\/bfnrt]|u[0-9a-fA-F]{4})/g, '@')",".replace(/\"[^\"\\\\\\n\\r]*\"|true|false|null|-?\\d+(?:\\.\\d*)?(?:[eE][+\\-]?\\d+)?/g, ']')",".replace(/(?:^|:|,)(?:\\s*\\[)+/g, ''))) {","","// In the third stage we use the eval function to compile the text into a","// JavaScript structure. The '{' operator is subject to a syntactic ambiguity","// in JavaScript: it can begin a block or an object literal. We wrap the text","// in parens to eliminate the ambiguity.","","                j = eval('(' + text + ')');","","// In the optional fourth stage, we recursively walk the new structure, passing","// each name/value pair to a reviver function for possible transformation.","","                return typeof reviver === 'function' ?","                    walk({'': j}, '') : j;","            }","","// If the text is not JSON parseable, then a SyntaxError is thrown.","","            throw new SyntaxError('JSON.parse');","        };","    }","}());",""],"l":{"162":1,"164":1,"167":1,"169":0,"172":1,"174":0,"176":0,"185":0,"188":0,"192":1,"208":1,"215":0,"216":0,"218":0,"219":0,"226":1,"230":0,"240":0,"242":0,"248":0,"249":0,"254":0,"256":0,"262":0,"271":0,"281":0,"282":0,"287":0,"288":0,"292":0,"297":0,"298":0,"299":0,"305":0,"310":0,"311":0,"316":0,"317":0,"318":0,"319":0,"320":0,"321":0,"322":0,"323":0,"331":0,"332":0,"333":0,"334":0,"335":0,"344":0,"347":0,"348":0,"354":1,"355":1,"363":0,"364":0,"365":0,"370":0,"371":0,"372":0,"377":0,"378":0,"384":0,"385":0,"388":0,"394":0,"401":1,"402":1,"407":0,"409":1,"414":0,"415":0,"416":0,"417":0,"418":0,"419":0,"420":0,"422":0,"427":0,"435":0,"436":0,"437":0,"438":0,"439":0,"457":0,"467":0,"472":0,"478":0}},"/home/travis/build/npmtest/node-npmtest-nodeunit/node_modules/nodeunit/share/license.js":{"path":"/home/travis/build/npmtest/node-npmtest-nodeunit/node_modules/nodeunit/share/license.js","s":{},"b":{},"f":{},"fnMap":{},"statementMap":{},"branchMap":{},"code":["/*!"," * Nodeunit"," * https://github.com/caolan/nodeunit"," * Copyright (c) 2010 Caolan McMahon"," * MIT Licensed"," *"," * json2.js"," * http://www.JSON.org/json2.js"," * Public Domain."," * NO WARRANTY EXPRESSED OR IMPLIED. USE AT YOUR OWN RISK."," */",""],"l":{}},"/home/travis/build/npmtest/node-npmtest-nodeunit/node_modules/nodeunit/lib/reporters/browser.js":{"path":"/home/travis/build/npmtest/node-npmtest-nodeunit/node_modules/nodeunit/lib/reporters/browser.js","s":{"1":1,"2":1,"3":0,"4":0,"5":0,"6":0,"7":0,"8":1,"9":0,"10":0,"11":0,"12":0,"13":1,"14":0,"15":0,"16":0,"17":0,"18":0,"19":0,"20":0,"21":0,"22":0,"23":0,"24":0,"25":0,"26":0,"27":0,"28":0,"29":0,"30":0,"31":0,"32":0,"33":0,"34":0,"35":0,"36":0,"37":0,"38":0,"39":0,"40":0,"41":0,"42":0,"43":0,"44":0,"45":0,"46":0,"47":0,"48":0,"49":0,"50":0,"51":0,"52":0,"53":0,"54":0},"b":{"1":[0,0],"2":[0,0],"3":[0,0],"4":[0,0],"5":[0,0],"6":[0,0],"7":[0,0],"8":[0,0],"9":[0,0],"10":[0,0],"11":[0,0,0],"12":[0,0],"13":[0,0],"14":[0,0],"15":[0,0,0],"16":[0,0],"17":[0,0],"18":[0,0]},"f":{"1":0,"2":0,"3":0,"4":0,"5":0,"6":0,"7":0},"fnMap":{"1":{"name":"(anonymous_1)","line":33,"loc":{"start":{"line":33,"column":14},"end":{"line":33,"column":52}}},"2":{"name":"setText","line":40,"loc":{"start":{"line":40,"column":4},"end":{"line":40,"column":30}}},"3":{"name":"getOrCreate","line":49,"loc":{"start":{"line":49,"column":4},"end":{"line":49,"column":34}}},"4":{"name":"(anonymous_4)","line":68,"loc":{"start":{"line":68,"column":21},"end":{"line":68,"column":37}}},"5":{"name":"(anonymous_5)","line":75,"loc":{"start":{"line":75,"column":18},"end":{"line":75,"column":46}}},"6":{"name":"(anonymous_6)","line":88,"loc":{"start":{"line":88,"column":63},"end":{"line":88,"column":75}}},"7":{"name":"(anonymous_7)","line":111,"loc":{"start":{"line":111,"column":14},"end":{"line":111,"column":36}}}},"statementMap":{"1":{"start":{"line":23,"column":0},"end":{"line":23,"column":45}},"2":{"start":{"line":33,"column":0},"end":{"line":127,"column":2}},"3":{"start":{"line":34,"column":4},"end":{"line":34,"column":77}},"4":{"start":{"line":35,"column":4},"end":{"line":35,"column":28}},"5":{"start":{"line":36,"column":4},"end":{"line":36,"column":39}},"6":{"start":{"line":37,"column":4},"end":{"line":37,"column":34}},"7":{"start":{"line":38,"column":4},"end":{"line":38,"column":60}},"8":{"start":{"line":40,"column":4},"end":{"line":47,"column":5}},"9":{"start":{"line":41,"column":8},"end":{"line":46,"column":9}},"10":{"start":{"line":42,"column":12},"end":{"line":42,"column":31}},"11":{"start":{"line":44,"column":13},"end":{"line":46,"column":9}},"12":{"start":{"line":45,"column":12},"end":{"line":45,"column":33}},"13":{"start":{"line":49,"column":4},"end":{"line":57,"column":5}},"14":{"start":{"line":50,"column":8},"end":{"line":50,"column":45}},"15":{"start":{"line":51,"column":8},"end":{"line":55,"column":9}},"16":{"start":{"line":52,"column":12},"end":{"line":52,"column":45}},"17":{"start":{"line":53,"column":12},"end":{"line":53,"column":23}},"18":{"start":{"line":54,"column":12},"end":{"line":54,"column":32}},"19":{"start":{"line":56,"column":8},"end":{"line":56,"column":18}},"20":{"start":{"line":59,"column":4},"end":{"line":59,"column":54}},"21":{"start":{"line":60,"column":4},"end":{"line":60,"column":54}},"22":{"start":{"line":61,"column":4},"end":{"line":61,"column":60}},"23":{"start":{"line":62,"column":4},"end":{"line":62,"column":52}},"24":{"start":{"line":63,"column":4},"end":{"line":63,"column":57}},"25":{"start":{"line":65,"column":4},"end":{"line":65,"column":44}},"26":{"start":{"line":67,"column":4},"end":{"line":126,"column":7}},"27":{"start":{"line":76,"column":12},"end":{"line":76,"column":52}},"28":{"start":{"line":77,"column":12},"end":{"line":77,"column":58}},"29":{"start":{"line":78,"column":12},"end":{"line":82,"column":20}},"30":{"start":{"line":83,"column":12},"end":{"line":83,"column":68}},"31":{"start":{"line":84,"column":12},"end":{"line":84,"column":37}},"32":{"start":{"line":86,"column":12},"end":{"line":86,"column":53}},"33":{"start":{"line":87,"column":12},"end":{"line":87,"column":76}},"34":{"start":{"line":88,"column":12},"end":{"line":91,"column":14}},"35":{"start":{"line":89,"column":16},"end":{"line":89,"column":44}},"36":{"start":{"line":90,"column":16},"end":{"line":90,"column":70}},"37":{"start":{"line":92,"column":12},"end":{"line":107,"column":13}},"38":{"start":{"line":93,"column":16},"end":{"line":93,"column":54}},"39":{"start":{"line":94,"column":16},"end":{"line":94,"column":38}},"40":{"start":{"line":95,"column":16},"end":{"line":105,"column":17}},"41":{"start":{"line":96,"column":20},"end":{"line":99,"column":75}},"42":{"start":{"line":100,"column":20},"end":{"line":100,"column":42}},"43":{"start":{"line":103,"column":20},"end":{"line":103,"column":73}},"44":{"start":{"line":104,"column":20},"end":{"line":104,"column":42}},"45":{"start":{"line":106,"column":16},"end":{"line":106,"column":38}},"46":{"start":{"line":108,"column":12},"end":{"line":108,"column":36}},"47":{"start":{"line":109,"column":12},"end":{"line":109,"column":36}},"48":{"start":{"line":112,"column":12},"end":{"line":112,"column":43}},"49":{"start":{"line":113,"column":12},"end":{"line":113,"column":39}},"50":{"start":{"line":115,"column":12},"end":{"line":115,"column":49}},"51":{"start":{"line":116,"column":12},"end":{"line":116,"column":57}},"52":{"start":{"line":118,"column":12},"end":{"line":122,"column":51}},"53":{"start":{"line":124,"column":12},"end":{"line":124,"column":112}},"54":{"start":{"line":124,"column":26},"end":{"line":124,"column":112}}},"branchMap":{"1":{"line":35,"type":"binary-expr","locations":[{"start":{"line":35,"column":14},"end":{"line":35,"column":21}},{"start":{"line":35,"column":25},"end":{"line":35,"column":27}}]},"2":{"line":36,"type":"binary-expr","locations":[{"start":{"line":36,"column":10},"end":{"line":36,"column":21}},{"start":{"line":36,"column":25},"end":{"line":36,"column":38}}]},"3":{"line":41,"type":"if","locations":[{"start":{"line":41,"column":8},"end":{"line":41,"column":8}},{"start":{"line":41,"column":8},"end":{"line":41,"column":8}}]},"4":{"line":44,"type":"if","locations":[{"start":{"line":44,"column":13},"end":{"line":44,"column":13}},{"start":{"line":44,"column":13},"end":{"line":44,"column":13}}]},"5":{"line":51,"type":"if","locations":[{"start":{"line":51,"column":8},"end":{"line":51,"column":8}},{"start":{"line":51,"column":8},"end":{"line":51,"column":8}}]},"6":{"line":83,"type":"cond-expr","locations":[{"start":{"line":83,"column":53},"end":{"line":83,"column":59}},{"start":{"line":83,"column":61},"end":{"line":83,"column":67}}]},"7":{"line":87,"type":"cond-expr","locations":[{"start":{"line":87,"column":59},"end":{"line":87,"column":66}},{"start":{"line":87,"column":69},"end":{"line":87,"column":75}}]},"8":{"line":88,"type":"cond-expr","locations":[{"start":{"line":88,"column":38},"end":{"line":88,"column":44}},{"start":{"line":88,"column":47},"end":{"line":88,"column":51}}]},"9":{"line":90,"type":"cond-expr","locations":[{"start":{"line":90,"column":54},"end":{"line":90,"column":61}},{"start":{"line":90,"column":63},"end":{"line":90,"column":69}}]},"10":{"line":95,"type":"if","locations":[{"start":{"line":95,"column":16},"end":{"line":95,"column":16}},{"start":{"line":95,"column":16},"end":{"line":95,"column":16}}]},"11":{"line":96,"type":"binary-expr","locations":[{"start":{"line":96,"column":36},"end":{"line":96,"column":45}},{"start":{"line":96,"column":49},"end":{"line":96,"column":57}},{"start":{"line":96,"column":61},"end":{"line":96,"column":73}}]},"12":{"line":97,"type":"cond-expr","locations":[{"start":{"line":98,"column":26},"end":{"line":98,"column":104}},{"start":{"line":99,"column":26},"end":{"line":99,"column":73}}]},"13":{"line":98,"type":"binary-expr","locations":[{"start":{"line":98,"column":63},"end":{"line":98,"column":76}},{"start":{"line":98,"column":80},"end":{"line":98,"column":87}}]},"14":{"line":99,"type":"binary-expr","locations":[{"start":{"line":99,"column":37},"end":{"line":99,"column":50}},{"start":{"line":99,"column":54},"end":{"line":99,"column":61}}]},"15":{"line":103,"type":"binary-expr","locations":[{"start":{"line":103,"column":35},"end":{"line":103,"column":44}},{"start":{"line":103,"column":48},"end":{"line":103,"column":56}},{"start":{"line":103,"column":60},"end":{"line":103,"column":72}}]},"16":{"line":116,"type":"cond-expr","locations":[{"start":{"line":116,"column":42},"end":{"line":116,"column":48}},{"start":{"line":116,"column":50},"end":{"line":116,"column":56}}]},"17":{"line":124,"type":"if","locations":[{"start":{"line":124,"column":12},"end":{"line":124,"column":12}},{"start":{"line":124,"column":12},"end":{"line":124,"column":12}}]},"18":{"line":124,"type":"cond-expr","locations":[{"start":{"line":124,"column":59},"end":{"line":124,"column":98}},{"start":{"line":124,"column":101},"end":{"line":124,"column":110}}]}},"code":["/*!"," * Nodeunit"," * Copyright (c) 2010 Caolan McMahon"," * MIT Licensed"," *"," * THIS FILE SHOULD BE BROWSER-COMPATIBLE JS!"," * You can use @REMOVE_LINE_FOR_BROWSER to remove code from the browser build."," * Only code on that line will be removed, its mostly to avoid requiring code"," * that is node specific"," */","","","/**"," * NOTE: this test runner is not listed in index.js because it cannot be"," * used with the command-line tool, only inside the browser."," */","","","/**"," * Reporter info string"," */","","exports.info = \"Browser-based test reporter\";","","","/**"," * Run all tests within each module, reporting the results"," *"," * @param {Array} files"," * @api public"," */","","exports.run = function (modules, options, callback) {","    var start = new Date().getTime(), div, textareas, displayErrorsByDefault;","    options = options || {};","    div = options.div || document.body;","    textareas = options.textareas;","    displayErrorsByDefault = options.displayErrorsByDefault;","","    function setText(el, txt) {","        if ('innerText' in el) {","            el.innerText = txt;","        }","        else if ('textContent' in el){","            el.textContent = txt;","        }","    }","","    function getOrCreate(tag, id) {","        var el = document.getElementById(id);","        if (!el) {","            el = document.createElement(tag);","            el.id = id;","            div.appendChild(el);","        }","        return el;","    };","","    var header = getOrCreate('h1', 'nodeunit-header');","    var banner = getOrCreate('h2', 'nodeunit-banner');","    var userAgent = getOrCreate('h2', 'nodeunit-userAgent');","    var tests = getOrCreate('ol', 'nodeunit-tests');","    var result = getOrCreate('p', 'nodeunit-testresult');","","    setText(userAgent, navigator.userAgent);","","    nodeunit.runModules(modules, {","        moduleStart: function (name) {","            /*var mheading = document.createElement('h2');","            mheading.innerText = name;","            results.appendChild(mheading);","            module = document.createElement('ol');","            results.appendChild(module);*/","        },","        testDone: function (name, assertions) {","            var test = document.createElement('li');","            var strong = document.createElement('strong');","            strong.innerHTML = name + ' <b style=\"color: black;\">(' +","                '<b class=\"fail\">' + assertions.failures() + '</b>, ' +","                '<b class=\"pass\">' + assertions.passes() + '</b>, ' +","                assertions.length +","            ')</b>';","            test.className = assertions.failures() ? 'fail': 'pass';","            test.appendChild(strong);","","            var aList = document.createElement('ol');","            aList.style.display = displayErrorsByDefault ? 'block' : 'none';","            (displayErrorsByDefault ? strong : test).onclick = function () {","                var d = aList.style.display;","                aList.style.display = (d == 'none') ? 'block': 'none';","            };","            for (var i=0; i<assertions.length; i++) {","                var li = document.createElement('li');","                var a = assertions[i];","                if (a.failed()) {","                    li.innerHTML = (a.message || a.method || 'no message') +","                        (textareas ?","                          '<textarea rows=\"20\" cols=\"100\">' + (a.error.stack || a.error) + '</textarea>' :","                          '<pre>' + (a.error.stack || a.error) + '</pre>');","                    li.className = 'fail';","                }","                else {","                    li.innerHTML = a.message || a.method || 'no message';","                    li.className = 'pass';","                }","                aList.appendChild(li);","            }","            test.appendChild(aList);","            tests.appendChild(test);","        },","        done: function (assertions) {","            var end = new Date().getTime();","            var duration = end - start;","","            var failures = assertions.failures();","            banner.className = failures ? 'fail': 'pass';","","            result.innerHTML = 'Tests completed in ' + duration +","                ' milliseconds.<br/><span class=\"passed\">' +","                assertions.passes() + '</span> assertions of ' +","                '<span class=\"all\">' + assertions.length + '<span> passed, ' +","                assertions.failures() + ' failed.';","","            if (callback) callback(assertions.failures() ? new Error('We have got test failures.') : undefined);","        }","    });","};",""],"l":{"23":1,"33":1,"34":0,"35":0,"36":0,"37":0,"38":0,"40":1,"41":0,"42":0,"44":0,"45":0,"49":1,"50":0,"51":0,"52":0,"53":0,"54":0,"56":0,"59":0,"60":0,"61":0,"62":0,"63":0,"65":0,"67":0,"76":0,"77":0,"78":0,"83":0,"84":0,"86":0,"87":0,"88":0,"89":0,"90":0,"92":0,"93":0,"94":0,"95":0,"96":0,"100":0,"103":0,"104":0,"106":0,"108":0,"109":0,"112":0,"113":0,"115":0,"116":0,"118":0,"124":0}}}